#
# A fatal error has been detected by the Java Runtime Environment:
#
#  EXCEPTION_ACCESS_VIOLATION (0xc0000005) at pc=0x00007ffb4e78dcf5, pid=9452, tid=6136
#
# JRE version: OpenJDK Runtime Environment (11.0.15) (build 11.0.15+0-b2043.56-8887301)
# Java VM: OpenJDK 64-Bit Server VM (11.0.15+0-b2043.56-8887301, mixed mode, tiered, compressed oops, g1 gc, windows-amd64)
# Problematic frame:
# V  [jvm.dll+0x36dcf5]
#
# No core dump will be written. Minidumps are not enabled by default on client versions of Windows
#
# If you would like to submit a bug report, please visit:
#   https://bugreport.java.com/bugreport/crash.jsp
#

---------------  S U M M A R Y ------------

Command Line: --add-opens=java.base/java.util=ALL-UNNAMED --add-opens=java.base/java.lang=ALL-UNNAMED --add-opens=java.base/java.lang.invoke=ALL-UNNAMED --add-opens=java.base/java.util=ALL-UNNAMED --add-opens=java.prefs/java.util.prefs=ALL-UNNAMED --add-opens=java.prefs/java.util.prefs=ALL-UNNAMED --add-opens=java.base/java.nio.charset=ALL-UNNAMED --add-opens=java.base/java.net=ALL-UNNAMED --add-opens=java.base/java.util.concurrent.atomic=ALL-UNNAMED -Xmx1536M -Dfile.encoding=windows-1252 -Duser.country=IN -Duser.language=en -Duser.variant org.gradle.launcher.daemon.bootstrap.GradleDaemon 7.5

Host: Intel(R) Core(TM) i5-7400 CPU @ 3.00GHz, 4 cores, 7G,  Windows 10 , 64 bit Build 19041 (10.0.19041.2364)
Time: Fri Jan  5 00:31:00 2024 India Standard Time elapsed time: 165.737403 seconds (0d 0h 2m 45s)

---------------  T H R E A D  ---------------

Current thread (0x000001fa6586e800):  GCTaskThread "GC Thread#0" [stack: 0x000000b86ba00000,0x000000b86bb00000] [id=6136]

Stack: [0x000000b86ba00000,0x000000b86bb00000],  sp=0x000000b86baff6c0,  free space=1021k
Native frames: (J=compiled Java code, j=interpreted, Vv=VM code, C=native code)
V  [jvm.dll+0x36dcf5]
V  [jvm.dll+0x36dd48]
V  [jvm.dll+0x36df93]
V  [jvm.dll+0x32edbc]
V  [jvm.dll+0x32f5a8]
V  [jvm.dll+0x2d2070]
V  [jvm.dll+0x2d1fa1]
V  [jvm.dll+0x3002b5]
V  [jvm.dll+0x32fc36]
V  [jvm.dll+0x3030bd]
V  [jvm.dll+0x802c20]
V  [jvm.dll+0x78dc24]
V  [jvm.dll+0x6400f6]
C  [ucrtbase.dll+0x21bb2]
C  [KERNEL32.DLL+0x17614]
C  [ntdll.dll+0x526a1]


siginfo: EXCEPTION_ACCESS_VIOLATION (0xc0000005), reading address 0x0000000000000008


Register to memory mapping:

RIP=0x00007ffb4e78dcf5 jvm.dll
RAX=0x0 is NULL
RBX=0x00000000a8552038 is an oop: [B 
{0x00000000a8552038} - klass: {type array byte}
 - length: 2097177
RCX=0x00000000a8600000 is an oop: [B 
{0x00000000a8600000} - klass: {type array byte}
 - length: 20
RDX=0x000000b86baff6e0 points into unknown readable memory: 0x00000000a8600000 | 00 00 60 a8 00 00 00 00
RSP=0x000000b86baff6c0 points into unknown readable memory: 0x00007ffb4ed00940 | 40 09 d0 4e fb 7f 00 00
RBP=0x0000000000000100 is an unknown value
RSI=
[error occurred during error reporting (printing register info), id 0xc0000005, EXCEPTION_ACCESS_VIOLATION (0xc0000005) at pc=0x00007ffb4e78dcf5]

Registers:
RAX=0x0000000000000000, RBX=0x00000000a8552038, RCX=0x00000000a8600000, RDX=0x000000b86baff6e0
RSP=0x000000b86baff6c0, RBP=0x0000000000000100, RSI=0x00000000a86f6800, RDI=0x000001fa0406bc90
R8 =0x0000000000020000, R9 =0x0000000000000004, R10=0x000001fa65864af0, R11=0x000000b86baff948
R12=0x000000b86baff948, R13=0x00007ffb4ed00940, R14=0x000001fa0406bc90, R15=0x00000000a86f6a00
RIP=0x00007ffb4e78dcf5, EFLAGS=0x0000000000010283

Top of Stack: (sp=0x000000b86baff6c0)
0x000000b86baff6c0:   00007ffb4ed00940 000000b86baff948
0x000000b86baff6d0:   0000000000000023 0000000000000040
0x000000b86baff6e0:   00000000a8600000 0000000000020000
0x000000b86baff6f0:   000001fa0406bc90 00007ffb4e78dd48
0x000000b86baff700:   00000000a8552038 00000000a86f6800
0x000000b86baff710:   00000000a6d3c400 00007ffb4e74a30d
0x000000b86baff720:   000001fa0406bce8 00007ffb4e78df93
0x000000b86baff730:   00000000a6d3c214 00000000a6d2187c
0x000000b86baff740:   00000000a8552038 000001fa658fb030
0x000000b86baff750:   00000000a86f6800 00007ffb4e74edbc
0x000000b86baff760:   000000b86baff920 000001fa65864af0
0x000000b86baff770:   00000000a6d3c3e0 00007ffb4e750bf6
0x000000b86baff780:   00000000a6d3c200 0000000000000040
0x000000b86baff790:   000000b86baff948 000000b86baff920
0x000000b86baff7a0:   00007ffb4ed00940 0000000000000086
0x000000b86baff7b0:   00000000a86f6800 000001fa6583ca70 

Instructions: (pc=0x00007ffb4e78dcf5)
0x00007ffb4e78dbf5:   5b c3 33 c0 48 83 c4 30 5b c3 cc 48 89 5c 24 08
0x00007ffb4e78dc05:   48 89 74 24 10 57 48 83 ec 30 48 8b da 48 8b f9
0x00007ffb4e78dc15:   e8 36 51 d4 ff 4c 8b 07 48 8d 54 24 20 48 8b cf
0x00007ffb4e78dc25:   48 8b f0 41 ff 50 28 48 8b 08 48 3b d9 0f 82 b1
0x00007ffb4e78dc35:   00 00 00 4c 8b 40 08 4a 8d 14 c1 48 3b da 0f 83
0x00007ffb4e78dc45:   a0 00 00 00 80 3d db 0d 71 00 00 74 7d 48 3b 9f
0x00007ffb4e78dc55:   58 01 00 00 73 62 48 8b 86 38 06 00 00 48 8b 90
0x00007ffb4e78dc65:   88 00 00 00 48 2b 1a 8b 4a 10 48 8b 52 18 48 c1
0x00007ffb4e78dc75:   eb 03 48 d3 eb 0f b6 c3 4c 8b c3 24 3f 49 c1 e8
0x00007ffb4e78dc85:   06 0f b6 c8 4a 8b 04 c2 48 0f a3 c8 72 2a 8b 87
0x00007ffb4e78dc95:   04 01 00 00 83 f8 38 74 1f 8b 87 04 01 00 00 c1
0x00007ffb4e78dca5:   e8 05 a8 01 75 12 32 c0 48 8b 5c 24 40 48 8b 74
0x00007ffb4e78dcb5:   24 48 48 83 c4 30 5f c3 b0 01 48 8b 5c 24 40 48
0x00007ffb4e78dcc5:   8b 74 24 48 48 83 c4 30 5f c3 48 8b 47 50 48 3b
0x00007ffb4e78dcd5:   d8 0f 92 c0 48 8b 5c 24 40 48 8b 74 24 48 48 83
0x00007ffb4e78dce5:   c4 30 5f c3 48 8b 87 08 01 00 00 48 8b 74 24 48
0x00007ffb4e78dcf5:   48 3b 58 08 48 8b 5c 24 40 0f 94 c0 48 83 c4 30
0x00007ffb4e78dd05:   5f c3 cc cc cc cc cc cc cc cc cc 48 89 5c 24 18
0x00007ffb4e78dd15:   57 48 83 ec 20 48 8b 41 50 48 8b da 48 8b f9 48
0x00007ffb4e78dd25:   3b d0 75 16 48 8b 41 10 48 2b c2 48 c1 e8 03 48
0x00007ffb4e78dd35:   8b 5c 24 40 48 83 c4 20 5f c3 48 8b 01 ff 90 a0
0x00007ffb4e78dd45:   00 00 00 84 c0 74 4a 80 3d 4e 92 77 00 00 74 28
0x00007ffb4e78dd55:   8b 0d fd d9 72 00 8b 53 08 48 d3 e2 48 8b cb 48
0x00007ffb4e78dd65:   03 15 e5 d9 72 00 e8 30 ab e3 ff 48 98 48 8b 5c
0x00007ffb4e78dd75:   24 40 48 83 c4 20 5f c3 48 8b 53 08 48 8b cb e8
0x00007ffb4e78dd85:   17 ab e3 ff 48 98 48 8b 5c 24 40 48 83 c4 20 5f
0x00007ffb4e78dd95:   c3 48 89 6c 24 30 48 89 74 24 38 e8 ab 4f d4 ff
0x00007ffb4e78dda5:   4c 8b 97 58 01 00 00 48 8b 88 38 06 00 00 b8 08
0x00007ffb4e78ddb5:   00 00 00 4c 8b 99 88 00 00 00 41 8b 73 10 8b ce
0x00007ffb4e78ddc5:   49 8b 2b d3 e0 4c 2b d5 ff c8 49 c1 ea 03 48 63
0x00007ffb4e78ddd5:   c8 48 8d 14 19 48 f7 d1 48 23 d1 8b ce 48 2b d5
0x00007ffb4e78dde5:   49 d3 ea 48 c1 ea 03 48 d3 ea 49 3b d2 74 6a 4d 


Stack slot to memory mapping:
stack at sp + 0 slots: 0x00007ffb4ed00940 jvm.dll
stack at sp + 1 slots: 0x000000b86baff948 points into unknown readable memory: 0x00007ffb4ed007c8 | c8 07 d0 4e fb 7f 00 00
stack at sp + 2 slots: 0x0000000000000023 is an unknown value
stack at sp + 3 slots: 0x0000000000000040 is an unknown value
stack at sp + 4 slots: 0x00000000a8600000 is an oop: [B 
{0x00000000a8600000} - klass: {type array byte}
 - length: 20
stack at sp + 5 slots: 0x0000000000020000 is an unknown value
stack at sp + 6 slots: 0x000001fa0406bc90 points into unknown readable memory: 0x00007ffb4ed07c40 | 40 7c d0 4e fb 7f 00 00
stack at sp + 7 slots: 0x00007ffb4e78dd48 jvm.dll


---------------  P R O C E S S  ---------------

Threads class SMR info:
_java_thread_list=0x000001fa0a858c00, length=80, elements={
0x000001fa65858000, 0x000001fa7e174000, 0x000001fa7e17f800, 0x000001fa7e193000,
0x000001fa7e195000, 0x000001fa7e19a000, 0x000001fa7e19d800, 0x000001fa7e19e800,
0x000001fa7e1a6800, 0x000001fa7ec4e800, 0x000001fa012a3000, 0x000001fa01dd5800,
0x000001fa00f38800, 0x000001fa017c2000, 0x000001fa017c3000, 0x000001fa017bf800,
0x000001fa017c1000, 0x000001fa017bd000, 0x000001fa017be000, 0x000001fa020e2800,
0x000001fa020e6000, 0x000001fa020e3800, 0x000001fa020e1000, 0x000001fa020e7000,
0x000001fa03e4a000, 0x000001fa03e4b000, 0x000001fa03e3d000, 0x000001fa03e3e000,
0x000001fa03e41000, 0x000001fa03e3f800, 0x000001fa03e3e800, 0x000001fa03e40800,
0x000001fa03e42000, 0x000001fa03e3c000, 0x000001fa03e47800, 0x000001fa03e42800,
0x000001fa03e43800, 0x000001fa03e45000, 0x000001fa03e46000, 0x000001fa03e47000,
0x000001fa03e49800, 0x000001fa020e2000, 0x000001fa020e7800, 0x000001fa020e8800,
0x000001fa020e9000, 0x000001fa020e5000, 0x000001fa020ea000, 0x000001fa020e4800,
0x000001fa020eb800, 0x000001fa020ec800, 0x000001fa020eb000, 0x000001fa020ed800,
0x000001fa020ee000, 0x000001fa020ef000, 0x000001fa017c0800, 0x000001fa017be800,
0x000001fa017c3800, 0x000001fa07f22000, 0x000001fa07f24800, 0x000001fa07f22800,
0x000001fa07f25000, 0x000001fa07f23800, 0x000001fa07f26000, 0x000001fa07f20800,
0x000001fa07f27000, 0x000001fa07f21000, 0x000001fa01e59800, 0x000001fa01e60800,
0x000001fa01e5a800, 0x000001fa01e5b800, 0x000001fa01e5e800, 0x000001fa01e5d000,
0x000001fa01e5f800, 0x000001fa01e5e000, 0x000001fa01e5c000, 0x000001fa04b32800,
0x000001fa04b31000, 0x000001fa04b34000, 0x000001fa04b35000, 0x000001fa026de800
}

Java Threads: ( => current thread )
  0x000001fa65858000 JavaThread "main" [_thread_blocked, id=788, stack(0x000000b86b900000,0x000000b86ba00000)]
  0x000001fa7e174000 JavaThread "Reference Handler" daemon [_thread_blocked, id=7212, stack(0x000000b86c000000,0x000000b86c100000)]
  0x000001fa7e17f800 JavaThread "Finalizer" daemon [_thread_blocked, id=5568, stack(0x000000b86c100000,0x000000b86c200000)]
  0x000001fa7e193000 JavaThread "Signal Dispatcher" daemon [_thread_blocked, id=11840, stack(0x000000b86c200000,0x000000b86c300000)]
  0x000001fa7e195000 JavaThread "Attach Listener" daemon [_thread_blocked, id=3656, stack(0x000000b86c300000,0x000000b86c400000)]
  0x000001fa7e19a000 JavaThread "Service Thread" daemon [_thread_blocked, id=11932, stack(0x000000b86c400000,0x000000b86c500000)]
  0x000001fa7e19d800 JavaThread "C2 CompilerThread0" daemon [_thread_blocked, id=7472, stack(0x000000b86c500000,0x000000b86c600000)]
  0x000001fa7e19e800 JavaThread "C1 CompilerThread0" daemon [_thread_blocked, id=5164, stack(0x000000b86c600000,0x000000b86c700000)]
  0x000001fa7e1a6800 JavaThread "Sweeper thread" daemon [_thread_blocked, id=7384, stack(0x000000b86c700000,0x000000b86c800000)]
  0x000001fa7ec4e800 JavaThread "Common-Cleaner" daemon [_thread_blocked, id=6040, stack(0x000000b86c800000,0x000000b86c900000)]
  0x000001fa012a3000 JavaThread "Daemon health stats" [_thread_blocked, id=11260, stack(0x000000b86cd00000,0x000000b86ce00000)]
  0x000001fa01dd5800 JavaThread "Incoming local TCP Connector on port 57836" [_thread_in_native, id=11280, stack(0x000000b86ce00000,0x000000b86cf00000)]
  0x000001fa00f38800 JavaThread "Daemon periodic checks" [_thread_blocked, id=4352, stack(0x000000b86cf00000,0x000000b86d000000)]
  0x000001fa017c2000 JavaThread "Cache worker for journal cache (C:\Users\ADMIN\.gradle\caches\journal-1)" [_thread_blocked, id=6888, stack(0x000000b86d900000,0x000000b86da00000)]
  0x000001fa017c3000 JavaThread "File lock request listener" [_thread_in_native, id=9316, stack(0x000000b86da00000,0x000000b86db00000)]
  0x000001fa017bf800 JavaThread "Cache worker for file hash cache (C:\Users\ADMIN\.gradle\caches\7.5\fileHashes)" [_thread_blocked, id=2556, stack(0x000000b86db00000,0x000000b86dc00000)]
  0x000001fa017c1000 JavaThread "File watcher server" daemon [_thread_in_native, id=2204, stack(0x000000b86dc00000,0x000000b86dd00000)]
  0x000001fa017bd000 JavaThread "File watcher consumer" daemon [_thread_blocked, id=4732, stack(0x000000b86dd00000,0x000000b86de00000)]
  0x000001fa017be000 JavaThread "Cache worker for file content cache (C:\Users\ADMIN\.gradle\caches\7.5\fileContent)" [_thread_blocked, id=984, stack(0x000000b86e000000,0x000000b86e100000)]
  0x000001fa020e2800 JavaThread "Cache worker for execution history cache (C:\Users\ADMIN\.gradle\caches\7.5\executionHistory)" [_thread_blocked, id=6240, stack(0x000000b86e300000,0x000000b86e400000)]
  0x000001fa020e6000 JavaThread "jar transforms" [_thread_blocked, id=12032, stack(0x000000b86e400000,0x000000b86e500000)]
  0x000001fa020e3800 JavaThread "jar transforms Thread 2" [_thread_blocked, id=11780, stack(0x000000b86e500000,0x000000b86e600000)]
  0x000001fa020e1000 JavaThread "jar transforms Thread 3" [_thread_blocked, id=11924, stack(0x000000b86e600000,0x000000b86e700000)]
  0x000001fa020e7000 JavaThread "jar transforms Thread 4" [_thread_blocked, id=5976, stack(0x000000b86e700000,0x000000b86e800000)]
  0x000001fa03e4a000 JavaThread "Memory manager" [_thread_blocked, id=6588, stack(0x000000b871200000,0x000000b871300000)]
  0x000001fa03e4b000 JavaThread "Cache worker for kotlin-dsl (C:\Users\ADMIN\.gradle\caches\7.5\kotlin-dsl)" [_thread_blocked, id=12276, stack(0x000000b871300000,0x000000b871400000)]
  0x000001fa03e3d000 JavaThread "Daemon Thread 2" [_thread_blocked, id=2732, stack(0x000000b86b600000,0x000000b86b700000)]
  0x000001fa03e3e000 JavaThread "Handler for socket connection from /127.0.0.1:57836 to /127.0.0.1:57944" [_thread_in_native, id=8728, stack(0x000000b86b700000,0x000000b86b800000)]
  0x000001fa03e41000 JavaThread "Cancel handler" [_thread_blocked, id=8168, stack(0x000000b86b800000,0x000000b86b900000)]
  0x000001fa03e3f800 JavaThread "Daemon worker Thread 2" [_thread_blocked, id=3248, stack(0x000000b86ca00000,0x000000b86cb00000)]
  0x000001fa03e3e800 JavaThread "Asynchronous log dispatcher for DefaultDaemonConnection: socket connection from /127.0.0.1:57836 to /127.0.0.1:57944" [_thread_blocked, id=11320, stack(0x000000b86d000000,0x000000b86d100000)]
  0x000001fa03e40800 JavaThread "Stdin handler" [_thread_blocked, id=1444, stack(0x000000b86d100000,0x000000b86d200000)]
  0x000001fa03e42000 JavaThread "Daemon client event forwarder" [_thread_blocked, id=5996, stack(0x000000b86d200000,0x000000b86d300000)]
  0x000001fa03e3c000 JavaThread "Cache worker for checksums cache (D:\NEW\speen_n_ween\android\.gradle\7.5\checksums)" [_thread_blocked, id=3476, stack(0x000000b86d300000,0x000000b86d400000)]
  0x000001fa03e47800 JavaThread "Cache worker for cache directory md-rule (C:\Users\ADMIN\.gradle\caches\7.5\md-rule)" [_thread_blocked, id=3556, stack(0x000000b86d400000,0x000000b86d500000)]
  0x000001fa03e42800 JavaThread "Cache worker for file hash cache (D:\NEW\speen_n_ween\android\.gradle\7.5\fileHashes)" [_thread_blocked, id=7656, stack(0x000000b86d500000,0x000000b86d600000)]
  0x000001fa03e43800 JavaThread "Cache worker for cache directory md-supplier (C:\Users\ADMIN\.gradle\caches\7.5\md-supplier)" [_thread_blocked, id=11916, stack(0x000000b86d600000,0x000000b86d700000)]
  0x000001fa03e45000 JavaThread "Cache worker for dependencies-accessors (D:\NEW\speen_n_ween\android\.gradle\7.5\dependencies-accessors)" [_thread_blocked, id=9008, stack(0x000000b86de00000,0x000000b86df00000)]
  0x000001fa03e46000 JavaThread "Cache worker for Build Output Cleanup Cache (D:\NEW\speen_n_ween\android\.gradle\buildOutputCleanup)" [_thread_blocked, id=9880, stack(0x000000b86df00000,0x000000b86e000000)]
  0x000001fa03e47000 JavaThread "Unconstrained build operations" [_thread_blocked, id=6592, stack(0x000000b86e200000,0x000000b86e300000)]
  0x000001fa03e49800 JavaThread "Unconstrained build operations Thread 2" [_thread_blocked, id=7048, stack(0x000000b86e800000,0x000000b86e900000)]
  0x000001fa020e2000 JavaThread "Unconstrained build operations Thread 3" [_thread_blocked, id=11964, stack(0x000000b86e900000,0x000000b86ea00000)]
  0x000001fa020e7800 JavaThread "Unconstrained build operations Thread 4" [_thread_blocked, id=8400, stack(0x000000b86ea00000,0x000000b86eb00000)]
  0x000001fa020e8800 JavaThread "Unconstrained build operations Thread 5" [_thread_blocked, id=2008, stack(0x000000b86eb00000,0x000000b86ec00000)]
  0x000001fa020e9000 JavaThread "Unconstrained build operations Thread 6" [_thread_blocked, id=6524, stack(0x000000b86ec00000,0x000000b86ed00000)]
  0x000001fa020e5000 JavaThread "Unconstrained build operations Thread 7" [_thread_blocked, id=1632, stack(0x000000b86ed00000,0x000000b86ee00000)]
  0x000001fa020ea000 JavaThread "Unconstrained build operations Thread 8" [_thread_blocked, id=2744, stack(0x000000b86ee00000,0x000000b86ef00000)]
  0x000001fa020e4800 JavaThread "Unconstrained build operations Thread 9" [_thread_blocked, id=3512, stack(0x000000b86ef00000,0x000000b86f000000)]
  0x000001fa020eb800 JavaThread "Unconstrained build operations Thread 10" [_thread_blocked, id=12236, stack(0x000000b86f000000,0x000000b86f100000)]
  0x000001fa020ec800 JavaThread "Unconstrained build operations Thread 11" [_thread_blocked, id=4000, stack(0x000000b86f100000,0x000000b86f200000)]
  0x000001fa020eb000 JavaThread "Unconstrained build operations Thread 12" [_thread_blocked, id=11168, stack(0x000000b86f200000,0x000000b86f300000)]
  0x000001fa020ed800 JavaThread "Unconstrained build operations Thread 13" [_thread_blocked, id=2276, stack(0x000000b86f300000,0x000000b86f400000)]
  0x000001fa020ee000 JavaThread "Unconstrained build operations Thread 14" [_thread_blocked, id=3856, stack(0x000000b86f400000,0x000000b86f500000)]
  0x000001fa020ef000 JavaThread "Unconstrained build operations Thread 15" [_thread_blocked, id=10768, stack(0x000000b86f500000,0x000000b86f600000)]
  0x000001fa017c0800 JavaThread "Unconstrained build operations Thread 16" [_thread_blocked, id=3496, stack(0x000000b86f600000,0x000000b86f700000)]
  0x000001fa017be800 JavaThread "Unconstrained build operations Thread 17" [_thread_blocked, id=4132, stack(0x000000b86f700000,0x000000b86f800000)]
  0x000001fa017c3800 JavaThread "Unconstrained build operations Thread 18" [_thread_blocked, id=11288, stack(0x000000b86f800000,0x000000b86f900000)]
  0x000001fa07f22000 JavaThread "Unconstrained build operations Thread 19" [_thread_blocked, id=1584, stack(0x000000b86f900000,0x000000b86fa00000)]
  0x000001fa07f24800 JavaThread "Unconstrained build operations Thread 20" [_thread_blocked, id=6324, stack(0x000000b86fa00000,0x000000b86fb00000)]
  0x000001fa07f22800 JavaThread "Unconstrained build operations Thread 21" [_thread_blocked, id=3340, stack(0x000000b86fb00000,0x000000b86fc00000)]
  0x000001fa07f25000 JavaThread "Unconstrained build operations Thread 22" [_thread_blocked, id=5104, stack(0x000000b86fc00000,0x000000b86fd00000)]
  0x000001fa07f23800 JavaThread "Unconstrained build operations Thread 23" [_thread_blocked, id=3232, stack(0x000000b86fd00000,0x000000b86fe00000)]
  0x000001fa07f26000 JavaThread "Unconstrained build operations Thread 24" [_thread_blocked, id=4984, stack(0x000000b86fe00000,0x000000b86ff00000)]
  0x000001fa07f20800 JavaThread "Unconstrained build operations Thread 25" [_thread_blocked, id=11680, stack(0x000000b86ff00000,0x000000b870000000)]
  0x000001fa07f27000 JavaThread "Unconstrained build operations Thread 26" [_thread_blocked, id=6376, stack(0x000000b870000000,0x000000b870100000)]
  0x000001fa07f21000 JavaThread "Unconstrained build operations Thread 27" [_thread_blocked, id=7324, stack(0x000000b870100000,0x000000b870200000)]
  0x000001fa01e59800 JavaThread "Unconstrained build operations Thread 28" [_thread_blocked, id=5512, stack(0x000000b870200000,0x000000b870300000)]
  0x000001fa01e60800 JavaThread "Unconstrained build operations Thread 29" [_thread_blocked, id=6612, stack(0x000000b870300000,0x000000b870400000)]
  0x000001fa01e5a800 JavaThread "Unconstrained build operations Thread 30" [_thread_blocked, id=1708, stack(0x000000b870400000,0x000000b870500000)]
  0x000001fa01e5b800 JavaThread "Unconstrained build operations Thread 31" [_thread_blocked, id=3368, stack(0x000000b870500000,0x000000b870600000)]
  0x000001fa01e5e800 JavaThread "Unconstrained build operations Thread 32" [_thread_blocked, id=3364, stack(0x000000b870600000,0x000000b870700000)]
  0x000001fa01e5d000 JavaThread "Unconstrained build operations Thread 33" [_thread_blocked, id=1504, stack(0x000000b870700000,0x000000b870800000)]
  0x000001fa01e5f800 JavaThread "Unconstrained build operations Thread 34" [_thread_blocked, id=6352, stack(0x000000b870800000,0x000000b870900000)]
  0x000001fa01e5e000 JavaThread "Unconstrained build operations Thread 35" [_thread_blocked, id=8680, stack(0x000000b870900000,0x000000b870a00000)]
  0x000001fa01e5c000 JavaThread "Unconstrained build operations Thread 36" [_thread_blocked, id=980, stack(0x000000b870a00000,0x000000b870b00000)]
  0x000001fa04b32800 JavaThread "Unconstrained build operations Thread 37" [_thread_blocked, id=5160, stack(0x000000b870b00000,0x000000b870c00000)]
  0x000001fa04b31000 JavaThread "Unconstrained build operations Thread 38" [_thread_blocked, id=10492, stack(0x000000b870c00000,0x000000b870d00000)]
  0x000001fa04b34000 JavaThread "Unconstrained build operations Thread 39" [_thread_blocked, id=3548, stack(0x000000b870d00000,0x000000b870e00000)]
  0x000001fa04b35000 JavaThread "Unconstrained build operations Thread 40" [_thread_blocked, id=6896, stack(0x000000b870e00000,0x000000b870f00000)]
  0x000001fa026de800 JavaThread "C2 CompilerThread1" daemon [_thread_blocked, id=6804, stack(0x000000b86e100000,0x000000b86e200000)]

Other Threads:
  0x000001fa7e151000 VMThread "VM Thread" [stack: 0x000000b86bf00000,0x000000b86c000000] [id=2940]
  0x000001fa7ec52000 WatcherThread [stack: 0x000000b86c900000,0x000000b86ca00000] [id=9724]
=>0x000001fa6586e800 GCTaskThread "GC Thread#0" [stack: 0x000000b86ba00000,0x000000b86bb00000] [id=6136]
  0x000001fa7efb1800 GCTaskThread "GC Thread#1" [stack: 0x000000b86cb00000,0x000000b86cc00000] [id=3020]
  0x000001fa7f374800 GCTaskThread "GC Thread#2" [stack: 0x000000b86cc00000,0x000000b86cd00000] [id=6996]
  0x000001fa0198d000 GCTaskThread "GC Thread#3" [stack: 0x000000b86d700000,0x000000b86d800000] [id=2580]
  0x000001fa65896000 ConcurrentGCThread "G1 Main Marker" [stack: 0x000000b86bb00000,0x000000b86bc00000] [id=2600]
  0x000001fa65897000 ConcurrentGCThread "G1 Conc#0" [stack: 0x000000b86bc00000,0x000000b86bd00000] [id=7632]
  0x000001fa65928800 ConcurrentGCThread "G1 Refine#0" [stack: 0x000000b86bd00000,0x000000b86be00000] [id=3912]
  0x000001fa00681000 ConcurrentGCThread "G1 Refine#1" [stack: 0x000000b86d800000,0x000000b86d900000] [id=11536]
  0x000001fa021c0800 ConcurrentGCThread "G1 Refine#2" [stack: 0x000000b870f00000,0x000000b871000000] [id=8408]
  0x000001fa65929800 ConcurrentGCThread "G1 Young RemSet Sampling" [stack: 0x000000b86be00000,0x000000b86bf00000] [id=3784]

Threads with active compile tasks:
C2 CompilerThread0   165808 20178       4       java.lang.Class::privateGetPublicMethods (224 bytes)
C1 CompilerThread0   165808 20200       3       org.codehaus.groovy.reflection.CachedClass::getNewMetaMethods (166 bytes)
C2 CompilerThread1   165808 20179   !   4       org.codehaus.groovy.reflection.stdclasses.CachedSAMClass::hasUsableImplementation (72 bytes)

VM state:at safepoint (normal execution)

VM Mutex/Monitor currently owned by a thread:  ([mutex/lock_event])
[0x000001fa658541b0] Threads_lock - owner thread: 0x000001fa7e151000
[0x000001fa658543f0] Heap_lock - owner thread: 0x000001fa03e3f800

Heap address: 0x00000000a0000000, size: 1536 MB, Compressed Oops mode: 32-bit
Narrow klass base: 0x0000000000000000, Narrow klass shift: 3
Compressed class space size: 1073741824 Address: 0x0000000100000000

Heap:
 garbage-first heap   total 245760K, used 198609K [0x00000000a0000000, 0x0000000100000000)
  region size 1024K, 82 young (83968K), 5 survivors (5120K)
 Metaspace       used 132911K, capacity 135577K, committed 135772K, reserved 1169408K
  class space    used 15645K, capacity 16671K, committed 16716K, reserved 1048576K
Heap Regions: E=young(eden), S=young(survivor), O=old, HS=humongous(starts), HC=humongous(continues), CS=collection set, F=free, A=archive, TAMS=top-at-mark-start (previous, next)
|   0|0x00000000a0000000, 0x00000000a0100000, 0x00000000a0100000|100%|HS|  |TAMS 0x00000000a0100000, 0x00000000a0100000| Complete 
|   1|0x00000000a0100000, 0x00000000a0200000, 0x00000000a0200000|100%|HC|  |TAMS 0x00000000a0200000, 0x00000000a0200000| Complete 
|   2|0x00000000a0200000, 0x00000000a0300000, 0x00000000a0300000|100%|HC|  |TAMS 0x00000000a0300000, 0x00000000a0300000| Complete 
|   3|0x00000000a0300000, 0x00000000a0400000, 0x00000000a0400000|100%| O|  |TAMS 0x00000000a0400000, 0x00000000a0400000| Untracked 
|   4|0x00000000a0400000, 0x00000000a0500000, 0x00000000a0500000|100%| O|  |TAMS 0x00000000a0500000, 0x00000000a0500000| Untracked 
|   5|0x00000000a0500000, 0x00000000a0600000, 0x00000000a0600000|100%| O|  |TAMS 0x00000000a0600000, 0x00000000a0600000| Untracked 
|   6|0x00000000a0600000, 0x00000000a0700000, 0x00000000a0700000|100%| O|  |TAMS 0x00000000a0700000, 0x00000000a0700000| Untracked 
|   7|0x00000000a0700000, 0x00000000a0800000, 0x00000000a0800000|100%| O|  |TAMS 0x00000000a0800000, 0x00000000a0800000| Untracked 
|   8|0x00000000a0800000, 0x00000000a0900000, 0x00000000a0900000|100%| O|  |TAMS 0x00000000a0900000, 0x00000000a0900000| Untracked 
|   9|0x00000000a0900000, 0x00000000a0a00000, 0x00000000a0a00000|100%| O|  |TAMS 0x00000000a0a00000, 0x00000000a0a00000| Untracked 
|  10|0x00000000a0a00000, 0x00000000a0b00000, 0x00000000a0b00000|100%| O|  |TAMS 0x00000000a0b00000, 0x00000000a0b00000| Untracked 
|  11|0x00000000a0b00000, 0x00000000a0c00000, 0x00000000a0c00000|100%| O|  |TAMS 0x00000000a0c00000, 0x00000000a0c00000| Untracked 
|  12|0x00000000a0c00000, 0x00000000a0d00000, 0x00000000a0d00000|100%| O|  |TAMS 0x00000000a0d00000, 0x00000000a0d00000| Untracked 
|  13|0x00000000a0d00000, 0x00000000a0e00000, 0x00000000a0e00000|100%| O|  |TAMS 0x00000000a0e00000, 0x00000000a0e00000| Untracked 
|  14|0x00000000a0e00000, 0x00000000a0f00000, 0x00000000a0f00000|100%| O|  |TAMS 0x00000000a0f00000, 0x00000000a0f00000| Untracked 
|  15|0x00000000a0f00000, 0x00000000a1000000, 0x00000000a1000000|100%| O|  |TAMS 0x00000000a1000000, 0x00000000a1000000| Untracked 
|  16|0x00000000a1000000, 0x00000000a1100000, 0x00000000a1100000|100%|HS|  |TAMS 0x00000000a1100000, 0x00000000a1100000| Complete 
|  17|0x00000000a1100000, 0x00000000a1200000, 0x00000000a1200000|100%| O|  |TAMS 0x00000000a1200000, 0x00000000a1200000| Untracked 
|  18|0x00000000a1200000, 0x00000000a1300000, 0x00000000a1300000|100%| O|  |TAMS 0x00000000a1300000, 0x00000000a1300000| Untracked 
|  19|0x00000000a1300000, 0x00000000a1400000, 0x00000000a1400000|100%| O|  |TAMS 0x00000000a1400000, 0x00000000a1400000| Untracked 
|  20|0x00000000a1400000, 0x00000000a1500000, 0x00000000a1500000|100%| O|  |TAMS 0x00000000a1500000, 0x00000000a1500000| Untracked 
|  21|0x00000000a1500000, 0x00000000a1600000, 0x00000000a1600000|100%| O|  |TAMS 0x00000000a1600000, 0x00000000a1600000| Untracked 
|  22|0x00000000a1600000, 0x00000000a1700000, 0x00000000a1700000|100%| O|  |TAMS 0x00000000a1700000, 0x00000000a1700000| Untracked 
|  23|0x00000000a1700000, 0x00000000a1800000, 0x00000000a1800000|100%| O|  |TAMS 0x00000000a1800000, 0x00000000a1800000| Untracked 
|  24|0x00000000a1800000, 0x00000000a1900000, 0x00000000a1900000|100%| O|  |TAMS 0x00000000a1900000, 0x00000000a1900000| Untracked 
|  25|0x00000000a1900000, 0x00000000a1a00000, 0x00000000a1a00000|100%| O|  |TAMS 0x00000000a1a00000, 0x00000000a1a00000| Untracked 
|  26|0x00000000a1a00000, 0x00000000a1b00000, 0x00000000a1b00000|100%| O|  |TAMS 0x00000000a1b00000, 0x00000000a1b00000| Untracked 
|  27|0x00000000a1b00000, 0x00000000a1c00000, 0x00000000a1c00000|100%|HS|  |TAMS 0x00000000a1c00000, 0x00000000a1c00000| Complete 
|  28|0x00000000a1c00000, 0x00000000a1d00000, 0x00000000a1d00000|100%|HS|  |TAMS 0x00000000a1d00000, 0x00000000a1d00000| Complete 
|  29|0x00000000a1d00000, 0x00000000a1e00000, 0x00000000a1e00000|100%|HS|  |TAMS 0x00000000a1e00000, 0x00000000a1e00000| Complete 
|  30|0x00000000a1e00000, 0x00000000a1f00000, 0x00000000a1f00000|100%|HC|  |TAMS 0x00000000a1f00000, 0x00000000a1f00000| Complete 
|  31|0x00000000a1f00000, 0x00000000a2000000, 0x00000000a2000000|100%|HC|  |TAMS 0x00000000a2000000, 0x00000000a2000000| Complete 
|  32|0x00000000a2000000, 0x00000000a2100000, 0x00000000a2100000|100%| O|  |TAMS 0x00000000a2100000, 0x00000000a2100000| Untracked 
|  33|0x00000000a2100000, 0x00000000a2200000, 0x00000000a2200000|100%|HS|  |TAMS 0x00000000a2200000, 0x00000000a2200000| Complete 
|  34|0x00000000a2200000, 0x00000000a2300000, 0x00000000a2300000|100%|HC|  |TAMS 0x00000000a2300000, 0x00000000a2300000| Complete 
|  35|0x00000000a2300000, 0x00000000a2400000, 0x00000000a2400000|100%| O|  |TAMS 0x00000000a2400000, 0x00000000a2400000| Untracked 
|  36|0x00000000a2400000, 0x00000000a2500000, 0x00000000a2500000|100%| O|  |TAMS 0x00000000a2500000, 0x00000000a2500000| Untracked 
|  37|0x00000000a2500000, 0x00000000a2600000, 0x00000000a2600000|100%| O|  |TAMS 0x00000000a2600000, 0x00000000a2600000| Untracked 
|  38|0x00000000a2600000, 0x00000000a2700000, 0x00000000a2700000|100%| O|  |TAMS 0x00000000a2700000, 0x00000000a2700000| Untracked 
|  39|0x00000000a2700000, 0x00000000a2800000, 0x00000000a2800000|100%| O|  |TAMS 0x00000000a2800000, 0x00000000a2800000| Untracked 
|  40|0x00000000a2800000, 0x00000000a2900000, 0x00000000a2900000|100%| O|  |TAMS 0x00000000a2900000, 0x00000000a2900000| Untracked 
|  41|0x00000000a2900000, 0x00000000a2a00000, 0x00000000a2a00000|100%| O|  |TAMS 0x00000000a2a00000, 0x00000000a2a00000| Untracked 
|  42|0x00000000a2a00000, 0x00000000a2b00000, 0x00000000a2b00000|100%| O|  |TAMS 0x00000000a2b00000, 0x00000000a2b00000| Untracked 
|  43|0x00000000a2b00000, 0x00000000a2c00000, 0x00000000a2c00000|100%| O|  |TAMS 0x00000000a2c00000, 0x00000000a2c00000| Untracked 
|  44|0x00000000a2c00000, 0x00000000a2d00000, 0x00000000a2d00000|100%| O|  |TAMS 0x00000000a2d00000, 0x00000000a2d00000| Untracked 
|  45|0x00000000a2d00000, 0x00000000a2e00000, 0x00000000a2e00000|100%| O|  |TAMS 0x00000000a2e00000, 0x00000000a2e00000| Untracked 
|  46|0x00000000a2e00000, 0x00000000a2f00000, 0x00000000a2f00000|100%| O|  |TAMS 0x00000000a2f00000, 0x00000000a2f00000| Untracked 
|  47|0x00000000a2f00000, 0x00000000a3000000, 0x00000000a3000000|100%| O|  |TAMS 0x00000000a3000000, 0x00000000a3000000| Untracked 
|  48|0x00000000a3000000, 0x00000000a3100000, 0x00000000a3100000|100%| O|  |TAMS 0x00000000a3100000, 0x00000000a3100000| Untracked 
|  49|0x00000000a3100000, 0x00000000a3200000, 0x00000000a3200000|100%| O|  |TAMS 0x00000000a3200000, 0x00000000a3200000| Untracked 
|  50|0x00000000a3200000, 0x00000000a3300000, 0x00000000a3300000|100%| O|  |TAMS 0x00000000a3300000, 0x00000000a3300000| Untracked 
|  51|0x00000000a3300000, 0x00000000a3400000, 0x00000000a3400000|100%| O|  |TAMS 0x00000000a3400000, 0x00000000a3400000| Untracked 
|  52|0x00000000a3400000, 0x00000000a3500000, 0x00000000a3500000|100%| O|  |TAMS 0x00000000a3500000, 0x00000000a3500000| Untracked 
|  53|0x00000000a3500000, 0x00000000a3600000, 0x00000000a3600000|100%| O|  |TAMS 0x00000000a3600000, 0x00000000a3600000| Untracked 
|  54|0x00000000a3600000, 0x00000000a3700000, 0x00000000a3700000|100%| O|  |TAMS 0x00000000a3700000, 0x00000000a3700000| Untracked 
|  55|0x00000000a3700000, 0x00000000a3800000, 0x00000000a3800000|100%| O|  |TAMS 0x00000000a3800000, 0x00000000a3800000| Untracked 
|  56|0x00000000a3800000, 0x00000000a3900000, 0x00000000a3900000|100%| O|  |TAMS 0x00000000a3900000, 0x00000000a3900000| Untracked 
|  57|0x00000000a3900000, 0x00000000a3a00000, 0x00000000a3a00000|100%| O|  |TAMS 0x00000000a3a00000, 0x00000000a3a00000| Untracked 
|  58|0x00000000a3a00000, 0x00000000a3b00000, 0x00000000a3b00000|100%| O|  |TAMS 0x00000000a3b00000, 0x00000000a3b00000| Untracked 
|  59|0x00000000a3b00000, 0x00000000a3c00000, 0x00000000a3c00000|100%| O|  |TAMS 0x00000000a3c00000, 0x00000000a3c00000| Untracked 
|  60|0x00000000a3c00000, 0x00000000a3d00000, 0x00000000a3d00000|100%| O|  |TAMS 0x00000000a3d00000, 0x00000000a3d00000| Untracked 
|  61|0x00000000a3d00000, 0x00000000a3e00000, 0x00000000a3e00000|100%| O|  |TAMS 0x00000000a3e00000, 0x00000000a3e00000| Untracked 
|  62|0x00000000a3e00000, 0x00000000a3f00000, 0x00000000a3f00000|100%| O|  |TAMS 0x00000000a3f00000, 0x00000000a3f00000| Untracked 
|  63|0x00000000a3f00000, 0x00000000a4000000, 0x00000000a4000000|100%| O|  |TAMS 0x00000000a4000000, 0x00000000a4000000| Untracked 
|  64|0x00000000a4000000, 0x00000000a4100000, 0x00000000a4100000|100%| O|  |TAMS 0x00000000a4100000, 0x00000000a4100000| Untracked 
|  65|0x00000000a4100000, 0x00000000a4200000, 0x00000000a4200000|100%| O|  |TAMS 0x00000000a4200000, 0x00000000a4200000| Untracked 
|  66|0x00000000a4200000, 0x00000000a4300000, 0x00000000a4300000|100%| O|  |TAMS 0x00000000a4300000, 0x00000000a4300000| Untracked 
|  67|0x00000000a4300000, 0x00000000a4300000, 0x00000000a4400000|  0%| F|  |TAMS 0x00000000a4300000, 0x00000000a4300000| Untracked 
|  68|0x00000000a4400000, 0x00000000a4400000, 0x00000000a4500000|  0%| F|  |TAMS 0x00000000a4400000, 0x00000000a4400000| Untracked 
|  69|0x00000000a4500000, 0x00000000a4600000, 0x00000000a4600000|100%| O|  |TAMS 0x00000000a4600000, 0x00000000a4600000| Untracked 
|  70|0x00000000a4600000, 0x00000000a4600000, 0x00000000a4700000|  0%| F|  |TAMS 0x00000000a4600000, 0x00000000a4600000| Untracked 
|  71|0x00000000a4700000, 0x00000000a4800000, 0x00000000a4800000|100%| O|  |TAMS 0x00000000a4800000, 0x00000000a4800000| Untracked 
|  72|0x00000000a4800000, 0x00000000a4900000, 0x00000000a4900000|100%|HS|  |TAMS 0x00000000a4900000, 0x00000000a4900000| Complete 
|  73|0x00000000a4900000, 0x00000000a4a00000, 0x00000000a4a00000|100%|HC|  |TAMS 0x00000000a4a00000, 0x00000000a4a00000| Complete 
|  74|0x00000000a4a00000, 0x00000000a4b00000, 0x00000000a4b00000|100%|HC|  |TAMS 0x00000000a4b00000, 0x00000000a4b00000| Complete 
|  75|0x00000000a4b00000, 0x00000000a4b00000, 0x00000000a4c00000|  0%| F|  |TAMS 0x00000000a4b00000, 0x00000000a4b00000| Untracked 
|  76|0x00000000a4c00000, 0x00000000a4d00000, 0x00000000a4d00000|100%| O|  |TAMS 0x00000000a4d00000, 0x00000000a4d00000| Untracked 
|  77|0x00000000a4d00000, 0x00000000a4d00000, 0x00000000a4e00000|  0%| F|  |TAMS 0x00000000a4d00000, 0x00000000a4d00000| Untracked 
|  78|0x00000000a4e00000, 0x00000000a4f00000, 0x00000000a4f00000|100%| O|  |TAMS 0x00000000a4f00000, 0x00000000a4f00000| Untracked 
|  79|0x00000000a4f00000, 0x00000000a5000000, 0x00000000a5000000|100%| O|  |TAMS 0x00000000a5000000, 0x00000000a5000000| Untracked 
|  80|0x00000000a5000000, 0x00000000a5000000, 0x00000000a5100000|  0%| F|  |TAMS 0x00000000a5000000, 0x00000000a5000000| Untracked 
|  81|0x00000000a5100000, 0x00000000a5200000, 0x00000000a5200000|100%| O|  |TAMS 0x00000000a5200000, 0x00000000a5200000| Untracked 
|  82|0x00000000a5200000, 0x00000000a5300000, 0x00000000a5300000|100%| O|  |TAMS 0x00000000a5300000, 0x00000000a5300000| Untracked 
|  83|0x00000000a5300000, 0x00000000a5400000, 0x00000000a5400000|100%| O|  |TAMS 0x00000000a5400000, 0x00000000a5400000| Untracked 
|  84|0x00000000a5400000, 0x00000000a5500000, 0x00000000a5500000|100%| O|  |TAMS 0x00000000a5500000, 0x00000000a5500000| Untracked 
|  85|0x00000000a5500000, 0x00000000a5600000, 0x00000000a5600000|100%| O|  |TAMS 0x00000000a5600000, 0x00000000a5600000| Untracked 
|  86|0x00000000a5600000, 0x00000000a5700000, 0x00000000a5700000|100%| O|  |TAMS 0x00000000a5700000, 0x00000000a5700000| Untracked 
|  87|0x00000000a5700000, 0x00000000a5800000, 0x00000000a5800000|100%| O|  |TAMS 0x00000000a5800000, 0x00000000a5800000| Untracked 
|  88|0x00000000a5800000, 0x00000000a5900000, 0x00000000a5900000|100%| O|  |TAMS 0x00000000a5900000, 0x00000000a5900000| Untracked 
|  89|0x00000000a5900000, 0x00000000a5a00000, 0x00000000a5a00000|100%| O|  |TAMS 0x00000000a5a00000, 0x00000000a5a00000| Untracked 
|  90|0x00000000a5a00000, 0x00000000a5b00000, 0x00000000a5b00000|100%| O|  |TAMS 0x00000000a5b00000, 0x00000000a5b00000| Untracked 
|  91|0x00000000a5b00000, 0x00000000a5c00000, 0x00000000a5c00000|100%| O|  |TAMS 0x00000000a5c00000, 0x00000000a5c00000| Untracked 
|  92|0x00000000a5c00000, 0x00000000a5d00000, 0x00000000a5d00000|100%| O|  |TAMS 0x00000000a5d00000, 0x00000000a5d00000| Untracked 
|  93|0x00000000a5d00000, 0x00000000a5e00000, 0x00000000a5e00000|100%| O|  |TAMS 0x00000000a5e00000, 0x00000000a5e00000| Untracked 
|  94|0x00000000a5e00000, 0x00000000a5f00000, 0x00000000a5f00000|100%| O|  |TAMS 0x00000000a5f00000, 0x00000000a5f00000| Untracked 
|  95|0x00000000a5f00000, 0x00000000a6000000, 0x00000000a6000000|100%| O|  |TAMS 0x00000000a6000000, 0x00000000a6000000| Untracked 
|  96|0x00000000a6000000, 0x00000000a6100000, 0x00000000a6100000|100%| O|  |TAMS 0x00000000a6100000, 0x00000000a6100000| Untracked 
|  97|0x00000000a6100000, 0x00000000a6200000, 0x00000000a6200000|100%| O|  |TAMS 0x00000000a6200000, 0x00000000a6200000| Untracked 
|  98|0x00000000a6200000, 0x00000000a6300000, 0x00000000a6300000|100%| O|  |TAMS 0x00000000a6300000, 0x00000000a6300000| Untracked 
|  99|0x00000000a6300000, 0x00000000a6400000, 0x00000000a6400000|100%| O|  |TAMS 0x00000000a6400000, 0x00000000a6400000| Untracked 
| 100|0x00000000a6400000, 0x00000000a6400000, 0x00000000a6500000|  0%| F|  |TAMS 0x00000000a6400000, 0x00000000a6400000| Untracked 
| 101|0x00000000a6500000, 0x00000000a6500000, 0x00000000a6600000|  0%| F|  |TAMS 0x00000000a6500000, 0x00000000a6500000| Untracked 
| 102|0x00000000a6600000, 0x00000000a6600000, 0x00000000a6700000|  0%| F|  |TAMS 0x00000000a6600000, 0x00000000a6600000| Untracked 
| 103|0x00000000a6700000, 0x00000000a6700000, 0x00000000a6800000|  0%| F|  |TAMS 0x00000000a6700000, 0x00000000a6700000| Untracked 
| 104|0x00000000a6800000, 0x00000000a6800000, 0x00000000a6900000|  0%| F|  |TAMS 0x00000000a6800000, 0x00000000a6800000| Untracked 
| 105|0x00000000a6900000, 0x00000000a6900000, 0x00000000a6a00000|  0%| F|  |TAMS 0x00000000a6900000, 0x00000000a6900000| Untracked 
| 106|0x00000000a6a00000, 0x00000000a6a00000, 0x00000000a6b00000|  0%| F|  |TAMS 0x00000000a6a00000, 0x00000000a6a00000| Untracked 
| 107|0x00000000a6b00000, 0x00000000a6b00000, 0x00000000a6c00000|  0%| F|  |TAMS 0x00000000a6b00000, 0x00000000a6b00000| Untracked 
| 108|0x00000000a6c00000, 0x00000000a6d00000, 0x00000000a6d00000|100%| O|  |TAMS 0x00000000a6c00000, 0x00000000a6d00000| Untracked 
| 109|0x00000000a6d00000, 0x00000000a6e00000, 0x00000000a6e00000|100%| O|  |TAMS 0x00000000a6d00000, 0x00000000a6e00000| Untracked 
| 110|0x00000000a6e00000, 0x00000000a6e00000, 0x00000000a6f00000|  0%| F|  |TAMS 0x00000000a6e00000, 0x00000000a6e00000| Untracked 
| 111|0x00000000a6f00000, 0x00000000a6f00000, 0x00000000a7000000|  0%| F|  |TAMS 0x00000000a6f00000, 0x00000000a6f00000| Untracked 
| 112|0x00000000a7000000, 0x00000000a7000000, 0x00000000a7100000|  0%| F|  |TAMS 0x00000000a7000000, 0x00000000a7000000| Untracked 
| 113|0x00000000a7100000, 0x00000000a7100000, 0x00000000a7200000|  0%| F|  |TAMS 0x00000000a7100000, 0x00000000a7100000| Untracked 
| 114|0x00000000a7200000, 0x00000000a7300000, 0x00000000a7300000|100%| O|  |TAMS 0x00000000a72de000, 0x00000000a7300000| Untracked 
| 115|0x00000000a7300000, 0x00000000a7300000, 0x00000000a7400000|  0%| F|  |TAMS 0x00000000a7300000, 0x00000000a7300000| Untracked 
| 116|0x00000000a7400000, 0x00000000a7400000, 0x00000000a7500000|  0%| F|  |TAMS 0x00000000a7400000, 0x00000000a7400000| Untracked 
| 117|0x00000000a7500000, 0x00000000a7500000, 0x00000000a7600000|  0%| F|  |TAMS 0x00000000a7500000, 0x00000000a7500000| Untracked 
| 118|0x00000000a7600000, 0x00000000a7600000, 0x00000000a7700000|  0%| F|  |TAMS 0x00000000a7600000, 0x00000000a7600000| Untracked 
| 119|0x00000000a7700000, 0x00000000a7700000, 0x00000000a7800000|  0%| F|  |TAMS 0x00000000a7700000, 0x00000000a7700000| Untracked 
| 120|0x00000000a7800000, 0x00000000a7900000, 0x00000000a7900000|100%| O|  |TAMS 0x00000000a7800000, 0x00000000a7900000| Untracked 
| 121|0x00000000a7900000, 0x00000000a7a00000, 0x00000000a7a00000|100%| O|  |TAMS 0x00000000a7900000, 0x00000000a7a00000| Untracked 
| 122|0x00000000a7a00000, 0x00000000a7b00000, 0x00000000a7b00000|100%| O|  |TAMS 0x00000000a7a00000, 0x00000000a7b00000| Untracked 
| 123|0x00000000a7b00000, 0x00000000a7c00000, 0x00000000a7c00000|100%| O|  |TAMS 0x00000000a7b00000, 0x00000000a7c00000| Untracked 
| 124|0x00000000a7c00000, 0x00000000a7d00000, 0x00000000a7d00000|100%| O|  |TAMS 0x00000000a7c00000, 0x00000000a7d00000| Untracked 
| 125|0x00000000a7d00000, 0x00000000a7e00000, 0x00000000a7e00000|100%|HS|  |TAMS 0x00000000a7d00000, 0x00000000a7e00000| Complete 
| 126|0x00000000a7e00000, 0x00000000a7f00000, 0x00000000a7f00000|100%|HC|  |TAMS 0x00000000a7e00000, 0x00000000a7f00000| Complete 
| 127|0x00000000a7f00000, 0x00000000a8000000, 0x00000000a8000000|100%|HC|  |TAMS 0x00000000a7f00000, 0x00000000a8000000| Complete 
| 128|0x00000000a8000000, 0x00000000a8100000, 0x00000000a8100000|100%|HC|  |TAMS 0x00000000a8000000, 0x00000000a8100000| Complete 
| 129|0x00000000a8100000, 0x00000000a8200000, 0x00000000a8200000|100%|HC|  |TAMS 0x00000000a8100000, 0x00000000a8200000| Complete 
| 130|0x00000000a8200000, 0x00000000a8300000, 0x00000000a8300000|100%| O|  |TAMS 0x00000000a8200000, 0x00000000a8300000| Untracked 
| 131|0x00000000a8300000, 0x00000000a8400000, 0x00000000a8400000|100%| O|  |TAMS 0x00000000a8300000, 0x00000000a8400000| Untracked 
| 132|0x00000000a8400000, 0x00000000a8500000, 0x00000000a8500000|100%| O|  |TAMS 0x00000000a8400000, 0x00000000a8500000| Untracked 
| 133|0x00000000a8500000, 0x00000000a8600000, 0x00000000a8600000|100%| O|  |TAMS 0x00000000a8500000, 0x00000000a8600000| Untracked 
| 134|0x00000000a8600000, 0x00000000a8700000, 0x00000000a8700000|100%| O|  |TAMS 0x00000000a8600000, 0x00000000a8700000| Untracked 
| 135|0x00000000a8700000, 0x00000000a8800000, 0x00000000a8800000|100%| O|  |TAMS 0x00000000a8700000, 0x00000000a8800000| Untracked 
| 136|0x00000000a8800000, 0x00000000a8900000, 0x00000000a8900000|100%| O|  |TAMS 0x00000000a8800000, 0x00000000a8900000| Untracked 
| 137|0x00000000a8900000, 0x00000000a8a00000, 0x00000000a8a00000|100%| O|  |TAMS 0x00000000a8900000, 0x00000000a8a00000| Untracked 
| 138|0x00000000a8a00000, 0x00000000a8a91a00, 0x00000000a8b00000| 56%| O|  |TAMS 0x00000000a8a00000, 0x00000000a8b00000| Untracked 
| 139|0x00000000a8b00000, 0x00000000a8b00000, 0x00000000a8c00000|  0%| F|  |TAMS 0x00000000a8b00000, 0x00000000a8b00000| Untracked 
| 140|0x00000000a8c00000, 0x00000000a8c00000, 0x00000000a8d00000|  0%| F|  |TAMS 0x00000000a8c00000, 0x00000000a8c00000| Untracked 
| 141|0x00000000a8d00000, 0x00000000a8d00000, 0x00000000a8e00000|  0%| F|  |TAMS 0x00000000a8d00000, 0x00000000a8d00000| Untracked 
| 142|0x00000000a8e00000, 0x00000000a8e00000, 0x00000000a8f00000|  0%| F|  |TAMS 0x00000000a8e00000, 0x00000000a8e00000| Untracked 
| 143|0x00000000a8f00000, 0x00000000a8f00000, 0x00000000a9000000|  0%| F|  |TAMS 0x00000000a8f00000, 0x00000000a8f00000| Untracked 
| 144|0x00000000a9000000, 0x00000000a9000000, 0x00000000a9100000|  0%| F|  |TAMS 0x00000000a9000000, 0x00000000a9000000| Untracked 
| 145|0x00000000a9100000, 0x00000000a9100000, 0x00000000a9200000|  0%| F|  |TAMS 0x00000000a9100000, 0x00000000a9100000| Untracked 
| 146|0x00000000a9200000, 0x00000000a9200000, 0x00000000a9300000|  0%| F|  |TAMS 0x00000000a9200000, 0x00000000a9200000| Untracked 
| 147|0x00000000a9300000, 0x00000000a9300000, 0x00000000a9400000|  0%| F|  |TAMS 0x00000000a9300000, 0x00000000a9300000| Untracked 
| 148|0x00000000a9400000, 0x00000000a9400000, 0x00000000a9500000|  0%| F|  |TAMS 0x00000000a9400000, 0x00000000a9400000| Untracked 
| 149|0x00000000a9500000, 0x00000000a9500000, 0x00000000a9600000|  0%| F|  |TAMS 0x00000000a9500000, 0x00000000a9500000| Untracked 
| 150|0x00000000a9600000, 0x00000000a9600000, 0x00000000a9700000|  0%| F|  |TAMS 0x00000000a9600000, 0x00000000a9600000| Untracked 
| 151|0x00000000a9700000, 0x00000000a9700000, 0x00000000a9800000|  0%| F|  |TAMS 0x00000000a9700000, 0x00000000a9700000| Untracked 
| 152|0x00000000a9800000, 0x00000000a9800000, 0x00000000a9900000|  0%| F|  |TAMS 0x00000000a9800000, 0x00000000a9800000| Untracked 
| 153|0x00000000a9900000, 0x00000000a9900000, 0x00000000a9a00000|  0%| F|  |TAMS 0x00000000a9900000, 0x00000000a9900000| Untracked 
| 154|0x00000000a9a00000, 0x00000000a9a00000, 0x00000000a9b00000|  0%| F|  |TAMS 0x00000000a9a00000, 0x00000000a9a00000| Untracked 
| 155|0x00000000a9b00000, 0x00000000a9b00000, 0x00000000a9c00000|  0%| F|  |TAMS 0x00000000a9b00000, 0x00000000a9b00000| Untracked 
| 156|0x00000000a9c00000, 0x00000000a9ce46d8, 0x00000000a9d00000| 89%| S|  |TAMS 0x00000000a9c00000, 0x00000000a9c00000| Complete 
| 157|0x00000000a9d00000, 0x00000000a9e00000, 0x00000000a9e00000|100%| S|  |TAMS 0x00000000a9d00000, 0x00000000a9d00000| Complete 
| 158|0x00000000a9e00000, 0x00000000a9f00000, 0x00000000a9f00000|100%| S|  |TAMS 0x00000000a9e00000, 0x00000000a9e00000| Complete 
| 159|0x00000000a9f00000, 0x00000000aa000000, 0x00000000aa000000|100%| S|  |TAMS 0x00000000a9f00000, 0x00000000a9f00000| Complete 
| 160|0x00000000aa000000, 0x00000000aa100000, 0x00000000aa100000|100%| S|  |TAMS 0x00000000aa000000, 0x00000000aa000000| Complete 
| 161|0x00000000aa100000, 0x00000000aa200000, 0x00000000aa200000|100%| E|CS|TAMS 0x00000000aa100000, 0x00000000aa200000| Complete 
| 162|0x00000000aa200000, 0x00000000aa300000, 0x00000000aa300000|100%| E|CS|TAMS 0x00000000aa200000, 0x00000000aa300000| Complete 
| 163|0x00000000aa300000, 0x00000000aa400000, 0x00000000aa400000|100%| E|CS|TAMS 0x00000000aa300000, 0x00000000aa400000| Complete 
| 164|0x00000000aa400000, 0x00000000aa500000, 0x00000000aa500000|100%| E|CS|TAMS 0x00000000aa400000, 0x00000000aa500000| Complete 
| 165|0x00000000aa500000, 0x00000000aa600000, 0x00000000aa600000|100%| E|CS|TAMS 0x00000000aa500000, 0x00000000aa600000| Complete 
| 166|0x00000000aa600000, 0x00000000aa700000, 0x00000000aa700000|100%| E|CS|TAMS 0x00000000aa600000, 0x00000000aa700000| Complete 
| 167|0x00000000aa700000, 0x00000000aa800000, 0x00000000aa800000|100%| E|CS|TAMS 0x00000000aa700000, 0x00000000aa800000| Complete 
| 168|0x00000000aa800000, 0x00000000aa900000, 0x00000000aa900000|100%| E|CS|TAMS 0x00000000aa800000, 0x00000000aa900000| Complete 
| 169|0x00000000aa900000, 0x00000000aaa00000, 0x00000000aaa00000|100%| E|CS|TAMS 0x00000000aa900000, 0x00000000aaa00000| Complete 
| 170|0x00000000aaa00000, 0x00000000aab00000, 0x00000000aab00000|100%| E|CS|TAMS 0x00000000aaa00000, 0x00000000aab00000| Complete 
| 171|0x00000000aab00000, 0x00000000aac00000, 0x00000000aac00000|100%| E|CS|TAMS 0x00000000aab00000, 0x00000000aac00000| Complete 
| 172|0x00000000aac00000, 0x00000000aad00000, 0x00000000aad00000|100%| E|CS|TAMS 0x00000000aac00000, 0x00000000aad00000| Complete 
| 173|0x00000000aad00000, 0x00000000aae00000, 0x00000000aae00000|100%| E|CS|TAMS 0x00000000aad00000, 0x00000000aae00000| Complete 
| 174|0x00000000aae00000, 0x00000000aaf00000, 0x00000000aaf00000|100%| E|CS|TAMS 0x00000000aae00000, 0x00000000aaf00000| Complete 
| 175|0x00000000aaf00000, 0x00000000ab000000, 0x00000000ab000000|100%| E|CS|TAMS 0x00000000aaf00000, 0x00000000ab000000| Complete 
| 176|0x00000000ab000000, 0x00000000ab100000, 0x00000000ab100000|100%| E|CS|TAMS 0x00000000ab000000, 0x00000000ab100000| Complete 
| 177|0x00000000ab100000, 0x00000000ab200000, 0x00000000ab200000|100%| E|CS|TAMS 0x00000000ab100000, 0x00000000ab200000| Complete 
| 178|0x00000000ab200000, 0x00000000ab300000, 0x00000000ab300000|100%| E|CS|TAMS 0x00000000ab200000, 0x00000000ab300000| Complete 
| 179|0x00000000ab300000, 0x00000000ab400000, 0x00000000ab400000|100%| E|CS|TAMS 0x00000000ab300000, 0x00000000ab400000| Complete 
| 180|0x00000000ab400000, 0x00000000ab500000, 0x00000000ab500000|100%| E|CS|TAMS 0x00000000ab400000, 0x00000000ab500000| Complete 
| 181|0x00000000ab500000, 0x00000000ab600000, 0x00000000ab600000|100%| E|CS|TAMS 0x00000000ab500000, 0x00000000ab600000| Complete 
| 182|0x00000000ab600000, 0x00000000ab700000, 0x00000000ab700000|100%| E|CS|TAMS 0x00000000ab600000, 0x00000000ab700000| Complete 
| 183|0x00000000ab700000, 0x00000000ab800000, 0x00000000ab800000|100%| E|CS|TAMS 0x00000000ab700000, 0x00000000ab800000| Complete 
| 184|0x00000000ab800000, 0x00000000ab900000, 0x00000000ab900000|100%| E|CS|TAMS 0x00000000ab800000, 0x00000000ab900000| Complete 
| 185|0x00000000ab900000, 0x00000000aba00000, 0x00000000aba00000|100%| E|CS|TAMS 0x00000000ab900000, 0x00000000aba00000| Complete 
| 186|0x00000000aba00000, 0x00000000abb00000, 0x00000000abb00000|100%| E|CS|TAMS 0x00000000aba00000, 0x00000000abb00000| Complete 
| 187|0x00000000abb00000, 0x00000000abc00000, 0x00000000abc00000|100%| E|CS|TAMS 0x00000000abb00000, 0x00000000abc00000| Complete 
| 188|0x00000000abc00000, 0x00000000abd00000, 0x00000000abd00000|100%| E|CS|TAMS 0x00000000abc00000, 0x00000000abd00000| Complete 
| 189|0x00000000abd00000, 0x00000000abe00000, 0x00000000abe00000|100%| E|CS|TAMS 0x00000000abd00000, 0x00000000abe00000| Complete 
| 190|0x00000000abe00000, 0x00000000abf00000, 0x00000000abf00000|100%| E|CS|TAMS 0x00000000abe00000, 0x00000000abf00000| Complete 
| 191|0x00000000abf00000, 0x00000000ac000000, 0x00000000ac000000|100%| E|CS|TAMS 0x00000000abf00000, 0x00000000ac000000| Complete 
| 192|0x00000000ac000000, 0x00000000ac100000, 0x00000000ac100000|100%| E|CS|TAMS 0x00000000ac000000, 0x00000000ac100000| Complete 
| 193|0x00000000ac100000, 0x00000000ac200000, 0x00000000ac200000|100%| E|CS|TAMS 0x00000000ac100000, 0x00000000ac200000| Complete 
| 194|0x00000000ac200000, 0x00000000ac300000, 0x00000000ac300000|100%| E|CS|TAMS 0x00000000ac200000, 0x00000000ac300000| Complete 
| 195|0x00000000ac300000, 0x00000000ac400000, 0x00000000ac400000|100%| E|CS|TAMS 0x00000000ac300000, 0x00000000ac400000| Complete 
| 196|0x00000000ac400000, 0x00000000ac500000, 0x00000000ac500000|100%| E|CS|TAMS 0x00000000ac400000, 0x00000000ac500000| Complete 
| 197|0x00000000ac500000, 0x00000000ac600000, 0x00000000ac600000|100%| E|CS|TAMS 0x00000000ac500000, 0x00000000ac600000| Complete 
| 198|0x00000000ac600000, 0x00000000ac700000, 0x00000000ac700000|100%| E|CS|TAMS 0x00000000ac600000, 0x00000000ac700000| Complete 
| 199|0x00000000ac700000, 0x00000000ac800000, 0x00000000ac800000|100%| E|CS|TAMS 0x00000000ac700000, 0x00000000ac800000| Complete 
| 200|0x00000000ac800000, 0x00000000ac900000, 0x00000000ac900000|100%| E|CS|TAMS 0x00000000ac800000, 0x00000000ac900000| Complete 
| 201|0x00000000ac900000, 0x00000000aca00000, 0x00000000aca00000|100%| E|CS|TAMS 0x00000000ac900000, 0x00000000aca00000| Complete 
| 202|0x00000000aca00000, 0x00000000acb00000, 0x00000000acb00000|100%| E|CS|TAMS 0x00000000aca00000, 0x00000000acb00000| Complete 
| 203|0x00000000acb00000, 0x00000000acc00000, 0x00000000acc00000|100%| E|CS|TAMS 0x00000000acb00000, 0x00000000acc00000| Complete 
| 204|0x00000000acc00000, 0x00000000acd00000, 0x00000000acd00000|100%| E|CS|TAMS 0x00000000acc00000, 0x00000000acd00000| Complete 
| 205|0x00000000acd00000, 0x00000000ace00000, 0x00000000ace00000|100%| E|CS|TAMS 0x00000000acd00000, 0x00000000ace00000| Complete 
| 206|0x00000000ace00000, 0x00000000acf00000, 0x00000000acf00000|100%| E|CS|TAMS 0x00000000ace00000, 0x00000000acf00000| Complete 
| 207|0x00000000acf00000, 0x00000000ad000000, 0x00000000ad000000|100%| E|CS|TAMS 0x00000000acf00000, 0x00000000ad000000| Complete 
| 208|0x00000000ad000000, 0x00000000ad100000, 0x00000000ad100000|100%| E|CS|TAMS 0x00000000ad000000, 0x00000000ad100000| Complete 
| 209|0x00000000ad100000, 0x00000000ad200000, 0x00000000ad200000|100%| E|CS|TAMS 0x00000000ad100000, 0x00000000ad200000| Complete 
| 210|0x00000000ad200000, 0x00000000ad300000, 0x00000000ad300000|100%| E|CS|TAMS 0x00000000ad200000, 0x00000000ad300000| Complete 
| 211|0x00000000ad300000, 0x00000000ad400000, 0x00000000ad400000|100%| E|CS|TAMS 0x00000000ad300000, 0x00000000ad400000| Complete 
| 212|0x00000000ad400000, 0x00000000ad500000, 0x00000000ad500000|100%| E|CS|TAMS 0x00000000ad400000, 0x00000000ad500000| Complete 
| 213|0x00000000ad500000, 0x00000000ad600000, 0x00000000ad600000|100%| E|CS|TAMS 0x00000000ad500000, 0x00000000ad600000| Complete 
| 214|0x00000000ad600000, 0x00000000ad700000, 0x00000000ad700000|100%| E|CS|TAMS 0x00000000ad600000, 0x00000000ad700000| Complete 
| 215|0x00000000ad700000, 0x00000000ad800000, 0x00000000ad800000|100%| E|CS|TAMS 0x00000000ad700000, 0x00000000ad800000| Complete 
| 216|0x00000000ad800000, 0x00000000ad900000, 0x00000000ad900000|100%| E|CS|TAMS 0x00000000ad800000, 0x00000000ad900000| Complete 
| 217|0x00000000ad900000, 0x00000000ada00000, 0x00000000ada00000|100%| E|CS|TAMS 0x00000000ad900000, 0x00000000ada00000| Complete 
| 218|0x00000000ada00000, 0x00000000adb00000, 0x00000000adb00000|100%| E|CS|TAMS 0x00000000ada00000, 0x00000000adb00000| Complete 
| 219|0x00000000adb00000, 0x00000000adc00000, 0x00000000adc00000|100%| E|CS|TAMS 0x00000000adb00000, 0x00000000adc00000| Complete 
| 220|0x00000000adc00000, 0x00000000add00000, 0x00000000add00000|100%| E|CS|TAMS 0x00000000adc00000, 0x00000000add00000| Complete 
| 221|0x00000000add00000, 0x00000000ade00000, 0x00000000ade00000|100%| E|CS|TAMS 0x00000000add00000, 0x00000000ade00000| Complete 
| 222|0x00000000ade00000, 0x00000000adf00000, 0x00000000adf00000|100%| E|CS|TAMS 0x00000000ade00000, 0x00000000adf00000| Complete 
| 223|0x00000000adf00000, 0x00000000ae000000, 0x00000000ae000000|100%| E|CS|TAMS 0x00000000adf00000, 0x00000000ae000000| Complete 
| 224|0x00000000ae000000, 0x00000000ae100000, 0x00000000ae100000|100%| E|CS|TAMS 0x00000000ae000000, 0x00000000ae100000| Complete 
| 225|0x00000000ae100000, 0x00000000ae200000, 0x00000000ae200000|100%| E|CS|TAMS 0x00000000ae100000, 0x00000000ae200000| Complete 
| 226|0x00000000ae200000, 0x00000000ae300000, 0x00000000ae300000|100%| E|CS|TAMS 0x00000000ae200000, 0x00000000ae300000| Complete 
| 227|0x00000000ae300000, 0x00000000ae400000, 0x00000000ae400000|100%| E|CS|TAMS 0x00000000ae300000, 0x00000000ae400000| Complete 
| 228|0x00000000ae400000, 0x00000000ae500000, 0x00000000ae500000|100%| E|CS|TAMS 0x00000000ae400000, 0x00000000ae500000| Complete 
| 229|0x00000000ae500000, 0x00000000ae600000, 0x00000000ae600000|100%| E|CS|TAMS 0x00000000ae500000, 0x00000000ae600000| Complete 
| 230|0x00000000ae600000, 0x00000000ae700000, 0x00000000ae700000|100%| E|CS|TAMS 0x00000000ae600000, 0x00000000ae700000| Complete 
| 231|0x00000000ae700000, 0x00000000ae800000, 0x00000000ae800000|100%| E|CS|TAMS 0x00000000ae700000, 0x00000000ae800000| Complete 
| 232|0x00000000ae800000, 0x00000000ae900000, 0x00000000ae900000|100%| E|CS|TAMS 0x00000000ae800000, 0x00000000ae900000| Complete 
| 233|0x00000000ae900000, 0x00000000aea00000, 0x00000000aea00000|100%| E|CS|TAMS 0x00000000ae900000, 0x00000000aea00000| Complete 
| 234|0x00000000aea00000, 0x00000000aeb00000, 0x00000000aeb00000|100%| E|CS|TAMS 0x00000000aea00000, 0x00000000aeb00000| Complete 
| 235|0x00000000aeb00000, 0x00000000aec00000, 0x00000000aec00000|100%| E|CS|TAMS 0x00000000aeb00000, 0x00000000aec00000| Complete 
| 236|0x00000000aec00000, 0x00000000aed00000, 0x00000000aed00000|100%| E|CS|TAMS 0x00000000aec00000, 0x00000000aed00000| Complete 
| 237|0x00000000aed00000, 0x00000000aed62de8, 0x00000000aee00000| 38%| E|CS|TAMS 0x00000000aed00000, 0x00000000aed62de8| Complete 
| 238|0x00000000aee00000, 0x00000000aef00000, 0x00000000aef00000|100%| E|CS|TAMS 0x00000000aee00000, 0x00000000aef00000| Complete 
| 239|0x00000000aef00000, 0x00000000af000000, 0x00000000af000000|100%| E|CS|TAMS 0x00000000aef00000, 0x00000000af000000| Complete 

Card table byte_map: [0x000001fa78680000,0x000001fa78980000] _byte_map_base: 0x000001fa78180000

Marking Bits (Prev, Next): (CMBitMap*) 0x000001fa6588f1b0, (CMBitMap*) 0x000001fa6588f178
 Prev Bits: [0x000001fa7a480000, 0x000001fa7bc80000)
 Next Bits: [0x000001fa78c80000, 0x000001fa7a480000)

Polling page: 0x000001fa65030000

Metaspace:

Usage:
  Non-class:    116.12 MB capacity,   114.52 MB ( 99%) used,     1.29 MB (  1%) free+waste,   319.06 KB ( <1%) overhead. 
      Class:     16.28 MB capacity,    15.28 MB ( 94%) used,   884.51 KB (  5%) free+waste,   141.19 KB ( <1%) overhead. 
       Both:    132.40 MB capacity,   129.80 MB ( 98%) used,     2.15 MB (  2%) free+waste,   460.25 KB ( <1%) overhead. 

Virtual space:
  Non-class space:      118.00 MB reserved,     116.27 MB ( 99%) committed 
      Class space:        1.00 GB reserved,      16.32 MB (  2%) committed 
             Both:        1.12 GB reserved,     132.59 MB ( 12%) committed 

Chunk freelists:
   Non-Class:  22.00 KB
       Class:  1.00 KB
        Both:  23.00 KB

MaxMetaspaceSize: 17179869184.00 GB
CompressedClassSpaceSize: 1.00 GB
Initial GC threshold: 20.80 MB
Current GC threshold: 216.61 MB
CDS: off

CodeHeap 'non-profiled nmethods': size=120064Kb used=11990Kb max_used=11990Kb free=108073Kb
 bounds [0x000001fa70e40000, 0x000001fa71a10000, 0x000001fa78380000]
CodeHeap 'profiled nmethods': size=120000Kb used=50304Kb max_used=50304Kb free=69695Kb
 bounds [0x000001fa69910000, 0x000001fa6ca40000, 0x000001fa70e40000]
CodeHeap 'non-nmethods': size=5696Kb used=2481Kb max_used=2550Kb free=3214Kb
 bounds [0x000001fa69380000, 0x000001fa69610000, 0x000001fa69910000]
 total_blobs=19639 nmethods=18612 adapters=936
 compilation: enabled
              stopped_count=0, restarted_count=0
 full_count=0

Compilation events (20 events):
Event: 165.700 Thread 0x000001fa7e19e800 20190   !   3       com.sun.beans.introspect.MethodInfo::get (143 bytes)
Event: 165.701 Thread 0x000001fa7e19e800 nmethod 20190 0x000001fa6ca2c910 code [0x000001fa6ca2cc80, 0x000001fa6ca2e2e8]
Event: 165.701 Thread 0x000001fa7e19e800 20194       3       sun.reflect.generics.parser.SignatureParser::parseZeroOrMoreTypeSignatures (174 bytes)
Event: 165.702 Thread 0x000001fa7e19e800 nmethod 20194 0x000001fa6ca2ea90 code [0x000001fa6ca2ed20, 0x000001fa6ca2fd08]
Event: 165.702 Thread 0x000001fa7e19e800 20193       3       java.util.regex.Matcher::appendTail (19 bytes)
Event: 165.702 Thread 0x000001fa7e19e800 nmethod 20193 0x000001fa6ca30190 code [0x000001fa6ca30360, 0x000001fa6ca30638]
Event: 165.702 Thread 0x000001fa7e19e800 20191       3       sun.reflect.generics.tree.Wildcard::make (10 bytes)
Event: 165.702 Thread 0x000001fa7e19e800 nmethod 20191 0x000001fa6ca30810 code [0x000001fa6ca309e0, 0x000001fa6ca30c98]
Event: 165.702 Thread 0x000001fa7e19e800 20192       3       sun.reflect.generics.tree.Wildcard::<init> (15 bytes)
Event: 165.702 Thread 0x000001fa7e19e800 nmethod 20192 0x000001fa6ca30d90 code [0x000001fa6ca30f40, 0x000001fa6ca31158]
Event: 165.707 Thread 0x000001fa7e19e800 20196       1       org.codehaus.groovy.runtime.metaclass.MultipleSetterProperty::setGetter (6 bytes)
Event: 165.707 Thread 0x000001fa7e19e800 nmethod 20196 0x000001fa71385210 code [0x000001fa713853c0, 0x000001fa713854b8]
Event: 165.712 Thread 0x000001fa7e19e800 20197       1       java.util.stream.Streams$RangeIntSpliterator::characteristics (4 bytes)
Event: 165.712 Thread 0x000001fa7e19e800 nmethod 20197 0x000001fa71384f10 code [0x000001fa713850c0, 0x000001fa71385178]
Event: 165.712 Thread 0x000001fa7e19e800 20198       3       org.codehaus.groovy.runtime.MetaClassHelper::getPrimitiveIndex (31 bytes)
Event: 165.713 Thread 0x000001fa7e19e800 nmethod 20198 0x000001fa6ca31210 code [0x000001fa6ca313e0, 0x000001fa6ca315f8]
Event: 165.714 Thread 0x000001fa7e19e800 20199       3       java.util.LinkedList$ListItr::hasPrevious (13 bytes)
Event: 165.714 Thread 0x000001fa7e19e800 nmethod 20199 0x000001fa6ca31710 code [0x000001fa6ca318c0, 0x000001fa6ca31a18]
Event: 165.719 Thread 0x000001fa7e19e800 20200       3       org.codehaus.groovy.reflection.CachedClass::getNewMetaMethods (166 bytes)
Event: 165.720 Thread 0x000001fa7e19e800 nmethod 20200 0x000001fa6ca31a90 code [0x000001fa6ca31dc0, 0x000001fa6ca331c8]

GC Heap History (20 events):
Event: 162.510 GC heap after
{Heap after GC invocations=95 (full 0):
 garbage-first heap   total 245760K, used 131201K [0x00000000a0000000, 0x0000000100000000)
  region size 1024K, 5 young (5120K), 5 survivors (5120K)
 Metaspace       used 123842K, capacity 126517K, committed 126684K, reserved 1161216K
  class space    used 14544K, capacity 15505K, committed 15564K, reserved 1048576K
}
Event: 162.884 GC heap before
{Heap before GC invocations=96 (full 0):
 garbage-first heap   total 245760K, used 209025K [0x00000000a0000000, 0x0000000100000000)
  region size 1024K, 81 young (82944K), 5 survivors (5120K)
 Metaspace       used 123849K, capacity 126517K, committed 126684K, reserved 1161216K
  class space    used 14544K, capacity 15505K, committed 15564K, reserved 1048576K
}
Event: 162.889 GC heap after
{Heap after GC invocations=97 (full 0):
 garbage-first heap   total 245760K, used 131685K [0x00000000a0000000, 0x0000000100000000)
  region size 1024K, 5 young (5120K), 5 survivors (5120K)
 Metaspace       used 123849K, capacity 126517K, committed 126684K, reserved 1161216K
  class space    used 14544K, capacity 15505K, committed 15564K, reserved 1048576K
}
Event: 163.223 GC heap before
{Heap before GC invocations=97 (full 0):
 garbage-first heap   total 245760K, used 210533K [0x00000000a0000000, 0x0000000100000000)
  region size 1024K, 82 young (83968K), 5 survivors (5120K)
 Metaspace       used 125686K, capacity 128309K, committed 128476K, reserved 1163264K
  class space    used 14735K, capacity 15697K, committed 15820K, reserved 1048576K
}
Event: 163.232 GC heap after
{Heap after GC invocations=98 (full 0):
 garbage-first heap   total 245760K, used 132445K [0x00000000a0000000, 0x0000000100000000)
  region size 1024K, 6 young (6144K), 6 survivors (6144K)
 Metaspace       used 125686K, capacity 128309K, committed 128476K, reserved 1163264K
  class space    used 14735K, capacity 15697K, committed 15820K, reserved 1048576K
}
Event: 163.522 GC heap before
{Heap before GC invocations=99 (full 0):
 garbage-first heap   total 245760K, used 212317K [0x00000000a0000000, 0x0000000100000000)
  region size 1024K, 83 young (84992K), 6 survivors (6144K)
 Metaspace       used 125871K, capacity 128501K, committed 128732K, reserved 1163264K
  class space    used 14747K, capacity 15697K, committed 15820K, reserved 1048576K
}
Event: 163.527 GC heap after
{Heap after GC invocations=100 (full 0):
 garbage-first heap   total 245760K, used 123488K [0x00000000a0000000, 0x0000000100000000)
  region size 1024K, 2 young (2048K), 2 survivors (2048K)
 Metaspace       used 125871K, capacity 128501K, committed 128732K, reserved 1163264K
  class space    used 14747K, capacity 15697K, committed 15820K, reserved 1048576K
}
Event: 163.608 GC heap before
{Heap before GC invocations=100 (full 0):
 garbage-first heap   total 245760K, used 161376K [0x00000000a0000000, 0x0000000100000000)
  region size 1024K, 40 young (40960K), 2 survivors (2048K)
 Metaspace       used 125871K, capacity 128501K, committed 128732K, reserved 1163264K
  class space    used 14747K, capacity 15697K, committed 15820K, reserved 1048576K
}
Event: 163.613 GC heap after
{Heap after GC invocations=101 (full 0):
 garbage-first heap   total 245760K, used 123482K [0x00000000a0000000, 0x0000000100000000)
  region size 1024K, 2 young (2048K), 2 survivors (2048K)
 Metaspace       used 125871K, capacity 128501K, committed 128732K, reserved 1163264K
  class space    used 14747K, capacity 15697K, committed 15820K, reserved 1048576K
}
Event: 163.870 GC heap before
{Heap before GC invocations=101 (full 0):
 garbage-first heap   total 245760K, used 208474K [0x00000000a0000000, 0x0000000100000000)
  region size 1024K, 79 young (80896K), 2 survivors (2048K)
 Metaspace       used 125874K, capacity 128501K, committed 128732K, reserved 1163264K
  class space    used 14747K, capacity 15697K, committed 15820K, reserved 1048576K
}
Event: 163.878 GC heap after
{Heap after GC invocations=102 (full 0):
 garbage-first heap   total 245760K, used 123037K [0x00000000a0000000, 0x0000000100000000)
  region size 1024K, 2 young (2048K), 2 survivors (2048K)
 Metaspace       used 125874K, capacity 128501K, committed 128732K, reserved 1163264K
  class space    used 14747K, capacity 15697K, committed 15820K, reserved 1048576K
}
Event: 164.297 GC heap before
{Heap before GC invocations=103 (full 0):
 garbage-first heap   total 245760K, used 203933K [0x00000000a0000000, 0x0000000100000000)
  region size 1024K, 81 young (82944K), 2 survivors (2048K)
 Metaspace       used 128494K, capacity 131162K, committed 131420K, reserved 1165312K
  class space    used 15128K, capacity 16094K, committed 16204K, reserved 1048576K
}
Event: 164.302 GC heap after
{Heap after GC invocations=104 (full 0):
 garbage-first heap   total 245760K, used 123515K [0x00000000a0000000, 0x0000000100000000)
  region size 1024K, 2 young (2048K), 2 survivors (2048K)
 Metaspace       used 128494K, capacity 131162K, committed 131420K, reserved 1165312K
  class space    used 15128K, capacity 16094K, committed 16204K, reserved 1048576K
}
Event: 164.481 GC heap before
{Heap before GC invocations=104 (full 0):
 garbage-first heap   total 245760K, used 149115K [0x00000000a0000000, 0x0000000100000000)
  region size 1024K, 28 young (28672K), 2 survivors (2048K)
 Metaspace       used 130058K, capacity 132733K, committed 132828K, reserved 1165312K
  class space    used 15336K, capacity 16319K, committed 16332K, reserved 1048576K
}
Event: 164.486 GC heap after
{Heap after GC invocations=105 (full 0):
 garbage-first heap   total 245760K, used 123981K [0x00000000a0000000, 0x0000000100000000)
  region size 1024K, 2 young (2048K), 2 survivors (2048K)
 Metaspace       used 130058K, capacity 132733K, committed 132828K, reserved 1165312K
  class space    used 15336K, capacity 16319K, committed 16332K, reserved 1048576K
}
Event: 164.917 GC heap before
{Heap before GC invocations=106 (full 0):
 garbage-first heap   total 245760K, used 213069K [0x00000000a0000000, 0x0000000100000000)
  region size 1024K, 81 young (82944K), 2 survivors (2048K)
 Metaspace       used 130940K, capacity 133624K, committed 133724K, reserved 1167360K
  class space    used 15423K, capacity 16403K, committed 16460K, reserved 1048576K
}
Event: 164.934 GC heap after
{Heap after GC invocations=107 (full 0):
 garbage-first heap   total 245760K, used 139068K [0x00000000a0000000, 0x0000000100000000)
  region size 1024K, 11 young (11264K), 11 survivors (11264K)
 Metaspace       used 130940K, capacity 133624K, committed 133724K, reserved 1167360K
  class space    used 15423K, capacity 16403K, committed 16460K, reserved 1048576K
}
Event: 164.940 GC heap before
{Heap before GC invocations=107 (full 0):
 garbage-first heap   total 245760K, used 140092K [0x00000000a0000000, 0x0000000100000000)
  region size 1024K, 12 young (12288K), 11 survivors (11264K)
 Metaspace       used 130959K, capacity 133624K, committed 133724K, reserved 1167360K
  class space    used 15423K, capacity 16403K, committed 16460K, reserved 1048576K
}
Event: 164.953 GC heap after
{Heap after GC invocations=108 (full 0):
 garbage-first heap   total 245760K, used 119761K [0x00000000a0000000, 0x0000000100000000)
  region size 1024K, 2 young (2048K), 2 survivors (2048K)
 Metaspace       used 130959K, capacity 133624K, committed 133724K, reserved 1167360K
  class space    used 15423K, capacity 16403K, committed 16460K, reserved 1048576K
}
Event: 165.720 GC heap before
{Heap before GC invocations=108 (full 0):
 garbage-first heap   total 245760K, used 198609K [0x00000000a0000000, 0x0000000100000000)
  region size 1024K, 79 young (80896K), 2 survivors (2048K)
 Metaspace       used 132911K, capacity 135577K, committed 135772K, reserved 1169408K
  class space    used 15645K, capacity 16671K, committed 16716K, reserved 1048576K
}

Deoptimization events (20 events):
Event: 165.602 Thread 0x000001fa020e6000 Uncommon trap: trap_request=0xffffffde fr.pc=0x000001fa71962c70 relative=0x0000000000000050
Event: 165.602 Thread 0x000001fa020e6000 Uncommon trap: reason=class_check action=maybe_recompile pc=0x000001fa71962c70 method=org.objectweb.asm.ClassVisitor.visitEnd()V @ 11 c2
Event: 165.602 Thread 0x000001fa020e6000 DEOPT PACKING pc=0x000001fa71962c70 sp=0x000000b86e4fe260
Event: 165.602 Thread 0x000001fa020e6000 DEOPT UNPACKING pc=0x000001fa693ca1af sp=0x000000b86e4fe1f0 mode 2
Event: 165.602 Thread 0x000001fa020e6000 Uncommon trap: trap_request=0xffffff4d fr.pc=0x000001fa70f5e51c relative=0x00000000000000dc
Event: 165.602 Thread 0x000001fa020e6000 Uncommon trap: reason=unstable_if action=reinterpret pc=0x000001fa70f5e51c method=org.objectweb.asm.Handler.getExceptionTableLength(Lorg/objectweb/asm/Handler;)I @ 5 c2
Event: 165.602 Thread 0x000001fa020e6000 DEOPT PACKING pc=0x000001fa70f5e51c sp=0x000000b86e4fe2e0
Event: 165.602 Thread 0x000001fa020e6000 DEOPT UNPACKING pc=0x000001fa693ca1af sp=0x000000b86e4fe210 mode 2
Event: 165.697 Thread 0x000001fa03e3f800 Uncommon trap: trap_request=0xfffffff4 fr.pc=0x000001fa71266060 relative=0x00000000000009c0
Event: 165.697 Thread 0x000001fa03e3f800 Uncommon trap: reason=null_check action=make_not_entrant pc=0x000001fa71266060 method=com.sun.beans.introspect.MethodInfo$MethodOrder.compare(Ljava/lang/reflect/Method;Ljava/lang/reflect/Method;)I @ 133 c2
Event: 165.697 Thread 0x000001fa03e3f800 DEOPT PACKING pc=0x000001fa71266060 sp=0x000000b86caef5f0
Event: 165.697 Thread 0x000001fa03e3f800 DEOPT UNPACKING pc=0x000001fa693ca1af sp=0x000000b86caef520 mode 2
Event: 165.697 Thread 0x000001fa03e3f800 Uncommon trap: trap_request=0xfffffff4 fr.pc=0x000001fa71268514 relative=0x0000000000000974
Event: 165.697 Thread 0x000001fa03e3f800 Uncommon trap: reason=null_check action=make_not_entrant pc=0x000001fa71268514 method=com.sun.beans.introspect.MethodInfo$MethodOrder.compare(Ljava/lang/reflect/Method;Ljava/lang/reflect/Method;)I @ 133 c2
Event: 165.697 Thread 0x000001fa03e3f800 DEOPT PACKING pc=0x000001fa71268514 sp=0x000000b86caef540
Event: 165.697 Thread 0x000001fa03e3f800 DEOPT UNPACKING pc=0x000001fa693ca1af sp=0x000000b86caef4f8 mode 2
Event: 165.709 Thread 0x000001fa03e3f800 DEOPT PACKING pc=0x000001fa6a8becf0 sp=0x000000b86caf1eb0
Event: 165.709 Thread 0x000001fa03e3f800 DEOPT UNPACKING pc=0x000001fa693ca95e sp=0x000000b86caf1390 mode 0
Event: 165.720 Thread 0x000001fa03e3f800 DEOPT PACKING pc=0x000001fa6a8becf0 sp=0x000000b86caf1d50
Event: 165.720 Thread 0x000001fa03e3f800 DEOPT UNPACKING pc=0x000001fa693ca95e sp=0x000000b86caf1230 mode 0

Classes redefined (0 events):
No events

Internal exceptions (20 events):
Event: 165.345 Thread 0x000001fa03e3f800 Exception <a 'java/lang/NoSuchMethodError'{0x00000000ac0ac748}: 'java.lang.Object java.lang.invoke.DirectMethodHandle$Holder.invokeStatic(java.lang.Object, java.lang.Object, java.lang.Object, int, int, java.lang.Object, java.lang.Object, java.lang.Object, java.lang.Object)'> (0x00000000ac0ac748) thrown at [src/hotspot/share/interpreter/linkResolver.cpp, line 773]
Event: 165.581 Thread 0x000001fa020e6000 Exception <a 'sun/nio/fs/WindowsException'{0x00000000ab692530}> (0x00000000ab692530) thrown at [src/hotspot/share/prims/jni.cpp, line 617]
Event: 165.609 Thread 0x000001fa020e6000 Exception <a 'sun/nio/fs/WindowsException'{0x00000000ab554620}> (0x00000000ab554620) thrown at [src/hotspot/share/prims/jni.cpp, line 617]
Event: 165.609 Thread 0x000001fa020e6000 Exception <a 'sun/nio/fs/WindowsException'{0x00000000ab554830}> (0x00000000ab554830) thrown at [src/hotspot/share/prims/jni.cpp, line 617]
Event: 165.694 Thread 0x000001fa03e3f800 Exception <a 'java/lang/ClassNotFoundException'{0x00000000aa67b3a8}: com/android/build/gradle/internal/dsl/DefaultConfig$AgpDecorated_DecoratedBeanInfo> (0x00000000aa67b3a8) thrown at [src/hotspot/share/classfile/systemDictionary.cpp, line 230]
Event: 165.695 Thread 0x000001fa03e3f800 Exception <a 'java/lang/ClassNotFoundException'{0x00000000aa695440}: com/android/build/gradle/internal/dsl/DefaultConfig$AgpDecoratedBeanInfo> (0x00000000aa695440) thrown at [src/hotspot/share/classfile/systemDictionary.cpp, line 230]
Event: 165.695 Thread 0x000001fa03e3f800 Exception <a 'java/lang/ClassNotFoundException'{0x00000000aa6ae450}: com/android/build/gradle/internal/dsl/DefaultConfigBeanInfo> (0x00000000aa6ae450) thrown at [src/hotspot/share/classfile/systemDictionary.cpp, line 230]
Event: 165.696 Thread 0x000001fa03e3f800 Exception <a 'java/lang/ClassNotFoundException'{0x00000000aa6c7260}: com/android/build/gradle/internal/dsl/BaseFlavorBeanInfo> (0x00000000aa6c7260) thrown at [src/hotspot/share/classfile/systemDictionary.cpp, line 230]
Event: 165.696 Thread 0x000001fa03e3f800 Exception <a 'java/lang/ClassNotFoundException'{0x00000000aa6e0890}: com/android/builder/core/AbstractProductFlavorBeanInfo> (0x00000000aa6e0890) thrown at [src/hotspot/share/classfile/systemDictionary.cpp, line 230]
Event: 165.696 Thread 0x000001fa03e3f800 Exception <a 'java/lang/ClassNotFoundException'{0x00000000aa6f9c38}: com/android/builder/internal/BaseConfigImplBeanInfo> (0x00000000aa6f9c38) thrown at [src/hotspot/share/classfile/systemDictionary.cpp, line 230]
Event: 165.697 Thread 0x000001fa03e3f800 Exception <a 'java/lang/ClassNotFoundException'{0x00000000aa5137e0}: com/android/builder/internal/BaseConfigImplCustomizer> (0x00000000aa5137e0) thrown at [src/hotspot/share/classfile/systemDictionary.cpp, line 230]
Event: 165.697 Thread 0x000001fa03e3f800 Implicit null exception at 0x000001fa71265c1f to 0x000001fa7126604c
Event: 165.697 Thread 0x000001fa03e3f800 Implicit null exception at 0x000001fa71267eb3 to 0x000001fa71268500
Event: 165.698 Thread 0x000001fa03e3f800 Exception <a 'java/lang/ClassNotFoundException'{0x00000000aa54b688}: com/android/builder/core/AbstractProductFlavorCustomizer> (0x00000000aa54b688) thrown at [src/hotspot/share/classfile/systemDictionary.cpp, line 230]
Event: 165.700 Thread 0x000001fa03e3f800 Exception <a 'java/lang/ClassNotFoundException'{0x00000000aa59ec98}: com/android/build/gradle/internal/dsl/BaseFlavorCustomizer> (0x00000000aa59ec98) thrown at [src/hotspot/share/classfile/systemDictionary.cpp, line 230]
Event: 165.702 Thread 0x000001fa03e3f800 Exception <a 'java/lang/ClassNotFoundException'{0x00000000aa411e80}: com/android/build/gradle/internal/dsl/DefaultConfigCustomizer> (0x00000000aa411e80) thrown at [src/hotspot/share/classfile/systemDictionary.cpp, line 230]
Event: 165.702 Thread 0x000001fa03e3f800 Exception <a 'java/lang/ClassNotFoundException'{0x00000000aa443b80}: com/android/build/gradle/internal/dsl/DefaultConfig$AgpDecoratedCustomizer> (0x00000000aa443b80) thrown at [src/hotspot/share/classfile/systemDictionary.cpp, line 230]
Event: 165.703 Thread 0x000001fa03e3f800 Exception <a 'java/lang/ClassNotFoundException'{0x00000000aa4a4358}: com/android/build/gradle/internal/dsl/DefaultConfig$AgpDecorated_DecoratedCustomizer> (0x00000000aa4a4358) thrown at [src/hotspot/share/classfile/systemDictionary.cpp, line 230]
Event: 165.715 Thread 0x000001fa03e3f800 Exception <a 'java/lang/ClassNotFoundException'{0x00000000aa283c00}: org/gradle/api/internal/NamedDomainObjectContainerConfigureDelegateBeanInfo> (0x00000000aa283c00) thrown at [src/hotspot/share/classfile/systemDictionary.cpp, line 230]
Event: 165.716 Thread 0x000001fa03e3f800 Exception <a 'java/lang/ClassNotFoundException'{0x00000000aa2c71f8}: org/gradle/api/internal/NamedDomainObjectContainerConfigureDelegateCustomizer> (0x00000000aa2c71f8) thrown at [src/hotspot/share/classfile/systemDictionary.cpp, line 230]

Events (20 events):
Event: 165.715 loading class org/gradle/api/internal/NamedDomainObjectContainerConfigureDelegateCustomizer done
Event: 165.715 loading class org/gradle/api/internal/NamedDomainObjectContainerConfigureDelegateCustomizer
Event: 165.715 loading class org/gradle/api/internal/NamedDomainObjectContainerConfigureDelegateCustomizer done
Event: 165.715 loading class org/gradle/api/internal/NamedDomainObjectContainerConfigureDelegateCustomizer
Event: 165.715 loading class org/gradle/api/internal/NamedDomainObjectContainerConfigureDelegateCustomizer done
Event: 165.716 loading class org/gradle/api/internal/NamedDomainObjectContainerConfigureDelegateCustomizer
Event: 165.716 loading class org/gradle/api/internal/NamedDomainObjectContainerConfigureDelegateCustomizer done
Event: 165.716 Executing VM operation: RevokeBias
Event: 165.716 Executing VM operation: RevokeBias done
Event: 165.716 Executing VM operation: RevokeBias
Event: 165.716 Executing VM operation: RevokeBias done
Event: 165.716 Executing VM operation: RevokeBias
Event: 165.716 Executing VM operation: RevokeBias done
Event: 165.716 loading class FlutterPlugin$_apply_closure9$_closure36
Event: 165.716 loading class FlutterPlugin$_apply_closure9$_closure36 done
Event: 165.717 loading class groovy/runtime/metaclass/FlutterPlugin$_apply_closure9$_closure36MetaClass
Event: 165.717 loading class groovy/runtime/metaclass/FlutterPlugin$_apply_closure9$_closure36MetaClass done
Event: 165.718 loading class groovy/runtime/metaclass/org/gradle/api/internal/FactoryNamedDomainObjectContainer_DecoratedMetaClass
Event: 165.718 loading class groovy/runtime/metaclass/org/gradle/api/internal/FactoryNamedDomainObjectContainer_DecoratedMetaClass done
Event: 165.720 Executing VM operation: G1CollectForAllocation


Dynamic libraries:
0x00007ff7d1210000 - 0x00007ff7d121a000 	C:\Program Files\Android\Android Studio\jbr\bin\java.exe
0x00007ffb83050000 - 0x00007ffb83248000 	C:\Windows\SYSTEM32\ntdll.dll
0x00007ffb818b0000 - 0x00007ffb8196f000 	C:\Windows\System32\KERNEL32.DLL
0x00007ffb809e0000 - 0x00007ffb80cb2000 	C:\Windows\System32\KERNELBASE.dll
0x00007ffb80e20000 - 0x00007ffb80f20000 	C:\Windows\System32\ucrtbase.dll
0x00007ffb70aa0000 - 0x00007ffb70abb000 	C:\Program Files\Android\Android Studio\jbr\bin\VCRUNTIME140.dll
0x00007ffb70ac0000 - 0x00007ffb70ad7000 	C:\Program Files\Android\Android Studio\jbr\bin\jli.dll
0x00007ffb82d00000 - 0x00007ffb82ea1000 	C:\Windows\System32\USER32.dll
0x00007ffb6c810000 - 0x00007ffb6caaa000 	C:\Windows\WinSxS\amd64_microsoft.windows.common-controls_6595b64144ccf1df_6.0.19041.1110_none_60b5254171f9507e\COMCTL32.dll
0x00007ffb80fd0000 - 0x00007ffb80ff2000 	C:\Windows\System32\win32u.dll
0x00007ffb82bb0000 - 0x00007ffb82c4e000 	C:\Windows\System32\msvcrt.dll
0x00007ffb810a0000 - 0x00007ffb810cb000 	C:\Windows\System32\GDI32.dll
0x00007ffb808d0000 - 0x00007ffb809df000 	C:\Windows\System32\gdi32full.dll
0x00007ffb80740000 - 0x00007ffb807dd000 	C:\Windows\System32\msvcp_win.dll
0x00007ffb82f60000 - 0x00007ffb82f92000 	C:\Windows\System32\IMM32.DLL
0x00007ffb56c00000 - 0x00007ffb56c8d000 	C:\Program Files\Android\Android Studio\jbr\bin\msvcp140.dll
0x00007ffb74020000 - 0x00007ffb7402c000 	C:\Windows\SYSTEM32\VCRUNTIME140_1.dll
0x00007ffb4e420000 - 0x00007ffb4efdc000 	C:\Program Files\Android\Android Studio\jbr\bin\server\jvm.dll
0x00007ffb82020000 - 0x00007ffb820ce000 	C:\Windows\System32\ADVAPI32.dll
0x00007ffb810d0000 - 0x00007ffb8116c000 	C:\Windows\System32\sechost.dll
0x00007ffb81970000 - 0x00007ffb81a95000 	C:\Windows\System32\RPCRT4.dll
0x00007ffb82fa0000 - 0x00007ffb82fa8000 	C:\Windows\System32\PSAPI.DLL
0x00007ffb70e80000 - 0x00007ffb70e89000 	C:\Windows\SYSTEM32\WSOCK32.dll
0x00007ffb5c0c0000 - 0x00007ffb5c0e7000 	C:\Windows\SYSTEM32\WINMM.dll
0x00007ffb7ae50000 - 0x00007ffb7ae5a000 	C:\Windows\SYSTEM32\VERSION.dll
0x00007ffb81e60000 - 0x00007ffb81ecb000 	C:\Windows\System32\WS2_32.dll
0x00007ffb7e620000 - 0x00007ffb7e632000 	C:\Windows\SYSTEM32\kernel.appcore.dll
0x00007ffb70a70000 - 0x00007ffb70a80000 	C:\Program Files\Android\Android Studio\jbr\bin\verify.dll
0x00007ffb72a50000 - 0x00007ffb72c34000 	C:\Windows\SYSTEM32\DBGHELP.DLL
0x00007ffb6fb20000 - 0x00007ffb6fb55000 	C:\Windows\SYSTEM32\dbgcore.DLL
0x00007ffb81000000 - 0x00007ffb81082000 	C:\Windows\System32\bcryptPrimitives.dll
0x00007ffb70a40000 - 0x00007ffb70a68000 	C:\Program Files\Android\Android Studio\jbr\bin\java.dll
0x00007ffb70a30000 - 0x00007ffb70a3a000 	C:\Program Files\Android\Android Studio\jbr\bin\jimage.dll
0x00007ffb706a0000 - 0x00007ffb706b8000 	C:\Program Files\Android\Android Studio\jbr\bin\zip.dll
0x00007ffb82350000 - 0x00007ffb82a94000 	C:\Windows\System32\SHELL32.dll
0x00007ffb7e820000 - 0x00007ffb7efb2000 	C:\Windows\SYSTEM32\windows.storage.dll
0x00007ffb81b00000 - 0x00007ffb81e55000 	C:\Windows\System32\combase.dll
0x00007ffb800c0000 - 0x00007ffb800f0000 	C:\Windows\SYSTEM32\Wldp.dll
0x00007ffb82eb0000 - 0x00007ffb82f5d000 	C:\Windows\System32\SHCORE.dll
0x00007ffb81850000 - 0x00007ffb818a5000 	C:\Windows\System32\shlwapi.dll
0x00007ffb80680000 - 0x00007ffb8069f000 	C:\Windows\SYSTEM32\profapi.dll
0x00007ffb70680000 - 0x00007ffb70699000 	C:\Program Files\Android\Android Studio\jbr\bin\net.dll
0x00007ffb79540000 - 0x00007ffb7964c000 	C:\Windows\SYSTEM32\WINHTTP.dll
0x00007ffb7fe20000 - 0x00007ffb7fe8a000 	C:\Windows\system32\mswsock.dll
0x00007ffb70660000 - 0x00007ffb70673000 	C:\Program Files\Android\Android Studio\jbr\bin\nio.dll
0x00007ffb66890000 - 0x00007ffb668b7000 	C:\Users\ADMIN\.gradle\native\e1d6ef7f7dcc3fd88c89a11ec53ec762bb8ba0a96d01ffa2cd45eb1d1d8dd5c5\windows-amd64\native-platform.dll
0x00007ffb4e2d0000 - 0x00007ffb4e414000 	C:\Users\ADMIN\.gradle\native\0d407fdbe67a94daf76414ababcb853783967236a71b16ec16e742cd7a986fd3\windows-amd64\native-platform-file-events.dll
0x00007ffb70550000 - 0x00007ffb7055a000 	C:\Program Files\Android\Android Studio\jbr\bin\management.dll
0x00007ffb66880000 - 0x00007ffb6688b000 	C:\Program Files\Android\Android Studio\jbr\bin\management_ext.dll
0x00007ffb80020000 - 0x00007ffb80038000 	C:\Windows\SYSTEM32\CRYPTSP.dll
0x00007ffb7f740000 - 0x00007ffb7f774000 	C:\Windows\system32\rsaenh.dll
0x00007ffb808a0000 - 0x00007ffb808c7000 	C:\Windows\System32\bcrypt.dll
0x00007ffb80640000 - 0x00007ffb8066e000 	C:\Windows\SYSTEM32\USERENV.dll
0x00007ffb80010000 - 0x00007ffb8001c000 	C:\Windows\SYSTEM32\CRYPTBASE.dll
0x00007ffb7fb10000 - 0x00007ffb7fb4b000 	C:\Windows\SYSTEM32\IPHLPAPI.DLL
0x00007ffb81ff0000 - 0x00007ffb81ff8000 	C:\Windows\System32\NSI.dll
0x00007ffb7a010000 - 0x00007ffb7a027000 	C:\Windows\SYSTEM32\dhcpcsvc6.DLL
0x00007ffb79f40000 - 0x00007ffb79f5d000 	C:\Windows\SYSTEM32\dhcpcsvc.DLL
0x00007ffb7fb50000 - 0x00007ffb7fc1a000 	C:\Windows\SYSTEM32\DNSAPI.dll

dbghelp: loaded successfully - version: 4.0.5 - missing functions: none
symbol engine: initialized successfully - sym options: 0x614 - pdb path: .;C:\Program Files\Android\Android Studio\jbr\bin;C:\Windows\SYSTEM32;C:\Windows\WinSxS\amd64_microsoft.windows.common-controls_6595b64144ccf1df_6.0.19041.1110_none_60b5254171f9507e;C:\Program Files\Android\Android Studio\jbr\bin\server;C:\Users\ADMIN\.gradle\native\e1d6ef7f7dcc3fd88c89a11ec53ec762bb8ba0a96d01ffa2cd45eb1d1d8dd5c5\windows-amd64;C:\Users\ADMIN\.gradle\native\0d407fdbe67a94daf76414ababcb853783967236a71b16ec16e742cd7a986fd3\windows-amd64

VM Arguments:
jvm_args: --add-opens=java.base/java.util=ALL-UNNAMED --add-opens=java.base/java.lang=ALL-UNNAMED --add-opens=java.base/java.lang.invoke=ALL-UNNAMED --add-opens=java.base/java.util=ALL-UNNAMED --add-opens=java.prefs/java.util.prefs=ALL-UNNAMED --add-opens=java.prefs/java.util.prefs=ALL-UNNAMED --add-opens=java.base/java.nio.charset=ALL-UNNAMED --add-opens=java.base/java.net=ALL-UNNAMED --add-opens=java.base/java.util.concurrent.atomic=ALL-UNNAMED -Xmx1536M -Dfile.encoding=windows-1252 -Duser.country=IN -Duser.language=en -Duser.variant 
java_command: org.gradle.launcher.daemon.bootstrap.GradleDaemon 7.5
java_class_path (initial): C:\Users\ADMIN\.gradle\wrapper\dists\gradle-7.5-all\6qsw290k5lz422uaf8jf6m7co\gradle-7.5\lib\gradle-launcher-7.5.jar
Launcher Type: SUN_STANDARD

[Global flags]
     intx CICompilerCount                          = 3                                         {product} {ergonomic}
     uint ConcGCThreads                            = 1                                         {product} {ergonomic}
     uint G1ConcRefinementThreads                  = 4                                         {product} {ergonomic}
   size_t G1HeapRegionSize                         = 1048576                                   {product} {ergonomic}
    uintx GCDrainStackTargetSize                   = 64                                        {product} {ergonomic}
   size_t InitialHeapSize                          = 134217728                                 {product} {ergonomic}
   size_t MarkStackSize                            = 4194304                                   {product} {ergonomic}
   size_t MaxHeapSize                              = 1610612736                                {product} {command line}
   size_t MaxNewSize                               = 965738496                                 {product} {ergonomic}
   size_t MinHeapDeltaBytes                        = 1048576                                   {product} {ergonomic}
    uintx NonNMethodCodeHeapSize                   = 5830732                                {pd product} {ergonomic}
    uintx NonProfiledCodeHeapSize                  = 122913754                              {pd product} {ergonomic}
    uintx ProfiledCodeHeapSize                     = 122913754                              {pd product} {ergonomic}
    uintx ReservedCodeCacheSize                    = 251658240                              {pd product} {ergonomic}
     bool SegmentedCodeCache                       = true                                      {product} {ergonomic}
     bool UseCompressedClassPointers               = true                                 {lp64_product} {ergonomic}
     bool UseCompressedOops                        = true                                 {lp64_product} {ergonomic}
     bool UseG1GC                                  = true                                      {product} {ergonomic}
     bool UseLargePagesIndividualAllocation        = false                                  {pd product} {ergonomic}

Logging:
Log output configuration:
 #0: stdout all=warning uptime,level,tags
 #1: stderr all=off uptime,level,tags

Environment Variables:
JAVA_HOME=C:\Program Files\Android\Android Studio\jbr
CLASSPATH=D:\NEW\speen_n_ween\android\\gradle\wrapper\gradle-wrapper.jar
PATH=C:\Program Files\Common Files\Oracle\Java\javapath;C:\Windows\system32;C:\Windows;C:\Windows\System32\Wbem;C:\Windows\System32\WindowsPowerShell\v1.0\;C:\Windows\System32\OpenSSH\;C:\ProgramData\chocolatey\bin;C:\tools\dart-sdk\bin;C:\Users\ADMIN\AppData\Local\Pub\Cache\bin;C:\Program Files\Java\jdk-17\bin;C:\Program Files\Git\cmd;C:\MinGW\bin;C:\Users\ADMIN\AppData\Local\Microsoft\WindowsApps;C:\tools\dart-sdk\bin;C:\Users\ADMIN\AppData\Roaming\Pub\Cache\bin;C:\flutter\bin;C:\flutter;C:\Users\ADMIN\AppData\Local\Pub\Cache\bin;C:\Program Files\Java\jre1.8.0_351;C:\Program Files\Java\jdk-19\bin;;C:\Users\ADMIN\AppData\Local\Programs\Microsoft VS Code\bin;C:\flutter\bin\mingit\cmd
USERNAME=ADMIN
OS=Windows_NT
PROCESSOR_IDENTIFIER=Intel64 Family 6 Model 158 Stepping 9, GenuineIntel



---------------  S Y S T E M  ---------------

OS: Windows 10 , 64 bit Build 19041 (10.0.19041.2364)
OS uptime: 0 days 0:13 hours

CPU:total 4 (initial active 4) (4 cores per cpu, 1 threads per core) family 6 model 158 stepping 9 microcode 0xec, cmov, cx8, fxsr, mmx, sse, sse2, sse3, ssse3, sse4.1, sse4.2, popcnt, avx, avx2, aes, clmul, erms, 3dnowpref, lzcnt, tsc, tscinvbit, bmi1, bmi2, adx, fma

Memory: 4k page, system-wide physical 8083M (2053M free)
TotalPageFile size 9363M (AvailPageFile size 3036M)
current process WorkingSet (physical memory assigned to process): 617M, peak: 618M
current process commit charge ("private bytes"): 643M, peak: 645M

vm_info: OpenJDK 64-Bit Server VM (11.0.15+0-b2043.56-8887301) for windows-amd64 JRE (11.0.15+0-b2043.56-8887301), built on Jul 29 2022 23:19:47 by "builduser" with unknown MS VC++:1929

END.
